[2025-12-19 17:59:42] INFO     | 
============================================================
[2025-12-19 17:59:42] INFO     | 📚 PSEUDO-PHONEME EXTRACTOR FOR TRANSFER LEARNING TTS
[2025-12-19 17:59:42] INFO     | ============================================================
[2025-12-19 17:59:42] INFO     | 📄 Основано на статье:
[2025-12-19 17:59:42] INFO     |    'Transfer Learning from Speech Recognition to Text-to-Speech Synthesis'
[2025-12-19 17:59:42] INFO     |    'Using Self-Supervised Representations'
[2025-12-19 17:59:42] INFO     |    https://arxiv.org/abs/2203.15447
[2025-12-19 17:59:42] INFO     | 
[2025-12-19 17:59:42] INFO     | 🎯 Ключевые параметры из статьи:
[2025-12-19 17:59:42] INFO     |    • Модель wav2vec 2.0: facebook/wav2vec2-large-lv60
[2025-12-19 17:59:42] INFO     |    • Слой для признаков: block 15 (hidden representation of block 15)
[2025-12-19 17:59:42] INFO     |    • Количество кластеров: 128 (K=128)
[2025-12-19 17:59:42] INFO     |    • Объединение последовательных одинаковых индексов кластеров
[2025-12-19 17:59:42] INFO     | 
[2025-12-19 17:59:42] INFO     | ⚙️  Текущий режим: train_kmeans
[2025-12-19 17:59:42] INFO     | 📂 Директория аудио: H:\tts\fin\unlabelled_data_wav\fi
[2025-12-19 17:59:42] INFO     | 📂 Выходная директория: H:\tts\fin\outputs\full_kmeans
[2025-12-19 17:59:42] INFO     | ============================================================

[2025-12-19 17:59:42] INFO     | 💻 Используется устройство: cuda
[2025-12-19 17:59:43] INFO     | 📊 Доступно GPU памяти: 10.0 GB
[2025-12-19 17:59:43] INFO     | 📊 Доступно RAM: 24.6 GB
[2025-12-19 17:59:43] INFO     | ⚡ Автоматически подобран размер батча: 32
[2025-12-19 18:00:38] INFO     | 🔄 Загрузка модели C:\Users\Александр\Desktop\wav2vec2-large-lv60 на cuda...
[2025-12-19 18:00:39] INFO     | 🔍 Модель содержит 24 скрытых слоев
[2025-12-19 18:00:39] INFO     | ✅ Модель успешно загружена. Используется слой: 15
[2025-12-19 18:00:39] INFO     | 
============================================================
[2025-12-19 18:00:39] INFO     | 🎯 ЭТАП 1: ОБУЧЕНИЕ K-MEANS НА СКРЫТЫХ ПРЕДСТАВЛЕНИЯХ
[2025-12-19 18:00:39] INFO     | ============================================================
[2025-12-19 18:00:39] INFO     | 🚀 Запуск/продолжение обучения K-means...
[2025-12-19 18:00:39] INFO     | 🎯 Начало обучения K-means с нуля
[2025-12-19 18:00:39] INFO     | 🚀 Запуск/продолжение обучения...
[2025-12-19 18:00:39] INFO     |    • Начинаем с файла: 0
[2025-12-19 18:00:39] INFO     |    • Всего файлов: 566541
[2025-12-19 18:02:27] INFO     | 📈 Прогресс: 800/566541 файлов | 10529.6 признаков/сек
[2025-12-19 18:04:09] INFO     | 📈 Прогресс: 1600/566541 файлов | 10809.8 признаков/сек
[2025-12-19 18:05:54] INFO     | 📈 Прогресс: 2400/566541 файлов | 10855.4 признаков/сек
[2025-12-19 18:07:40] INFO     | 📈 Прогресс: 3200/566541 файлов | 10802.3 признаков/сек
[2025-12-19 18:09:41] INFO     | 💾 Чекпоинт (4000/566541 файлов)
[2025-12-19 18:09:41] INFO     | 📈 Прогресс: 4000/566541 файлов | 10487.6 признаков/сек
[2025-12-19 18:11:48] INFO     | 📈 Прогресс: 4800/566541 файлов | 10210.2 признаков/сек
[2025-12-19 18:13:49] INFO     | 📈 Прогресс: 5600/566541 файлов | 10082.3 признаков/сек
[2025-12-19 18:15:57] INFO     | 📈 Прогресс: 6400/566541 файлов | 9939.9 признаков/сек
[2025-12-19 18:18:02] INFO     | 📈 Прогресс: 7200/566541 файлов | 9839.0 признаков/сек
[2025-12-19 18:20:06] INFO     | 💾 Чекпоинт (8000/566541 файлов)
[2025-12-19 18:20:06] INFO     | 📈 Прогресс: 8000/566541 файлов | 9782.0 признаков/сек
[2025-12-19 18:22:23] INFO     | 📈 Прогресс: 8800/566541 файлов | 9620.6 признаков/сек
[2025-12-19 18:24:41] INFO     | 📈 Прогресс: 9600/566541 файлов | 9500.0 признаков/сек
[2025-12-19 18:27:46] INFO     | 📈 Прогресс: 10400/566541 файлов | 9114.0 признаков/сек
[2025-12-19 18:29:59] INFO     | 📈 Прогресс: 11200/566541 файлов | 9083.6 признаков/сек
[2025-12-19 18:32:01] INFO     | 💾 Чекпоинт (12000/566541 файлов)
[2025-12-19 18:32:01] INFO     | 📈 Прогресс: 12000/566541 файлов | 9097.5 признаков/сек
[2025-12-19 18:34:43] INFO     | 📈 Прогресс: 12800/566541 файлов | 8945.4 признаков/сек
[2025-12-19 18:36:50] INFO     | 📈 Прогресс: 13600/566541 файлов | 8955.9 признаков/сек
[2025-12-19 18:38:48] INFO     | 📈 Прогресс: 14400/566541 файлов | 9000.9 признаков/сек
[2025-12-19 18:40:41] INFO     | 📈 Прогресс: 15200/566541 файлов | 9050.6 признаков/сек
[2025-12-19 18:42:32] INFO     | 💾 Чекпоинт (16000/566541 файлов)
[2025-12-19 18:42:32] INFO     | 📈 Прогресс: 16000/566541 файлов | 9098.5 признаков/сек
[2025-12-19 18:42:43] WARNING  | 
🛑 Обучение прервано пользователем!
[2025-12-19 18:42:43] INFO     | 💾 Сохранение промежуточного результата...
[2025-12-19 18:42:43] INFO     | ✅ Промежуточный результат сохранен: H:\tts\fin\outputs\full_kmeans\kmeans_temp_checkpoint.joblib
[2025-12-19 18:42:43] INFO     | 📌 Чтобы продолжить, запустите скрипт снова БЕЗ --force_retrain
[2025-12-19 18:42:43] INFO     | 
============================================================
[2025-12-19 18:42:43] INFO     | 🛑 ПРОГРАММА ПРЕРВАНА ПОЛЬЗОВАТЕЛЕМ
[2025-12-19 18:42:43] INFO     | ============================================================
[2025-12-19 18:42:43] INFO     | ✅ Все промежуточные результаты сохранены
[2025-12-19 18:42:43] INFO     | ✅ При повторном запуске обработка продолжится с последней точки
[2025-12-19 18:42:43] INFO     | ============================================================
[2025-12-19 18:43:13] INFO     | 
============================================================
[2025-12-19 18:43:13] INFO     | 📚 PSEUDO-PHONEME EXTRACTOR FOR TRANSFER LEARNING TTS
[2025-12-19 18:43:13] INFO     | ============================================================
[2025-12-19 18:43:13] INFO     | 📄 Основано на статье:
[2025-12-19 18:43:13] INFO     |    'Transfer Learning from Speech Recognition to Text-to-Speech Synthesis'
[2025-12-19 18:43:13] INFO     |    'Using Self-Supervised Representations'
[2025-12-19 18:43:13] INFO     |    https://arxiv.org/abs/2203.15447
[2025-12-19 18:43:13] INFO     | 
[2025-12-19 18:43:13] INFO     | 🎯 Ключевые параметры из статьи:
[2025-12-19 18:43:13] INFO     |    • Модель wav2vec 2.0: facebook/wav2vec2-large-lv60
[2025-12-19 18:43:13] INFO     |    • Слой для признаков: block 15 (hidden representation of block 15)
[2025-12-19 18:43:13] INFO     |    • Количество кластеров: 128 (K=128)
[2025-12-19 18:43:13] INFO     |    • Объединение последовательных одинаковых индексов кластеров
[2025-12-19 18:43:13] INFO     | 
[2025-12-19 18:43:13] INFO     | ⚙️  Текущий режим: train_kmeans
[2025-12-19 18:43:13] INFO     | 📂 Директория аудио: H:\tts\fin\unlabelled_data_wav\fi
[2025-12-19 18:43:13] INFO     | 📂 Выходная директория: H:\tts\fin\outputs\full_kmeans
[2025-12-19 18:43:13] INFO     | ============================================================

[2025-12-19 18:43:13] INFO     | 💻 Используется устройство: cuda
[2025-12-19 18:43:13] INFO     | 📊 Доступно GPU памяти: 10.0 GB
[2025-12-19 18:43:13] INFO     | 📊 Доступно RAM: 24.4 GB
[2025-12-19 18:43:13] INFO     | ⚡ Автоматически подобран размер батча: 32
[2025-12-19 18:44:12] INFO     | 🔄 Загрузка модели C:\Users\Александр\Desktop\wav2vec2-large-lv60 на cuda...
[2025-12-19 18:44:13] INFO     | 🔍 Модель содержит 24 скрытых слоев
[2025-12-19 18:44:13] INFO     | ✅ Модель успешно загружена. Используется слой: 15
[2025-12-19 18:44:13] INFO     | 
============================================================
[2025-12-19 18:44:13] INFO     | 🎯 ЭТАП 1: ОБУЧЕНИЕ K-MEANS НА СКРЫТЫХ ПРЕДСТАВЛЕНИЯХ
[2025-12-19 18:44:13] INFO     | ============================================================
[2025-12-19 18:44:13] INFO     | 📌 Продолжение обучения с файла #16000
[2025-12-19 18:44:13] INFO     | 🚀 Запуск/продолжение обучения K-means...
[2025-12-19 18:44:13] INFO     | 🔄 Загрузка временного чекпоинта: H:\tts\fin\outputs\full_kmeans\kmeans_temp_checkpoint.joblib
[2025-12-19 18:44:13] INFO     | ✅ Временная модель K-means загружена.
[2025-12-19 18:44:13] INFO     | 📊 Продолжение обучения с загруженной модели.
[2025-12-19 18:44:13] INFO     | 🚀 Запуск/продолжение обучения...
[2025-12-19 18:44:13] INFO     |    • Начинаем с файла: 16000
[2025-12-19 18:44:13] INFO     |    • Всего файлов: 566541
[2025-12-19 18:46:12] INFO     | 📈 Прогресс: 16800/566541 файлов | 9719.0 признаков/сек
[2025-12-19 18:48:09] INFO     | 📈 Прогресс: 17600/566541 файлов | 9718.9 признаков/сек
[2025-12-19 18:50:06] INFO     | 📈 Прогресс: 18400/566541 файлов | 9777.4 признаков/сек
[2025-12-19 18:52:02] INFO     | 📈 Прогресс: 19200/566541 файлов | 9826.7 признаков/сек
[2025-12-19 18:54:00] INFO     | 💾 Чекпоинт (20000/566541 файлов)
[2025-12-19 18:54:00] INFO     | 📈 Прогресс: 20000/566541 файлов | 9827.0 признаков/сек
[2025-12-19 18:55:55] INFO     | 📈 Прогресс: 20800/566541 файлов | 9839.4 признаков/сек
[2025-12-19 18:57:44] INFO     | 📈 Прогресс: 21600/566541 файлов | 9875.4 признаков/сек
[2025-12-19 18:59:38] INFO     | 📈 Прогресс: 22400/566541 файлов | 9909.2 признаков/сек
[2025-12-19 19:01:36] INFO     | 📈 Прогресс: 23200/566541 файлов | 9885.9 признаков/сек
[2025-12-19 19:03:30] INFO     | 💾 Чекпоинт (24000/566541 файлов)
[2025-12-19 19:03:30] INFO     | 📈 Прогресс: 24000/566541 файлов | 9900.2 признаков/сек
[2025-12-19 19:05:36] INFO     | 📈 Прогресс: 24800/566541 файлов | 9838.9 признаков/сек
[2025-12-19 19:07:52] INFO     | 📈 Прогресс: 25600/566541 файлов | 9697.9 признаков/сек
[2025-12-19 19:10:12] INFO     | 📈 Прогресс: 26400/566541 файлов | 9552.2 признаков/сек
[2025-12-19 19:12:13] INFO     | 📈 Прогресс: 27200/566541 файлов | 9548.0 признаков/сек
[2025-12-19 19:14:15] INFO     | 💾 Чекпоинт (28000/566541 файлов)
[2025-12-19 19:14:15] INFO     | 📈 Прогресс: 28000/566541 файлов | 9527.2 признаков/сек
[2025-12-19 19:16:30] INFO     | 📈 Прогресс: 28800/566541 файлов | 9462.9 признаков/сек
[2025-12-19 20:39:58] INFO     | 📈 Прогресс: 29600/566541 файлов | 2804.2 признаков/сек
[2025-12-19 20:41:56] INFO     | 📈 Прогресс: 30400/566541 файлов | 2918.9 признаков/сек
[2025-12-19 20:43:49] INFO     | 📈 Прогресс: 31200/566541 файлов | 3032.4 признаков/сек
[2025-12-19 20:45:49] INFO     | 💾 Чекпоинт (32000/566541 файлов)
[2025-12-19 20:45:49] INFO     | 📈 Прогресс: 32000/566541 файлов | 3136.8 признаков/сек
[2025-12-19 20:47:46] INFO     | 📈 Прогресс: 32800/566541 файлов | 3243.1 признаков/сек
[2025-12-19 20:49:42] INFO     | 📈 Прогресс: 33600/566541 файлов | 3347.5 признаков/сек
[2025-12-19 20:51:35] INFO     | 📈 Прогресс: 34400/566541 файлов | 3448.1 признаков/сек
[2025-12-19 20:53:33] INFO     | 📈 Прогресс: 35200/566541 файлов | 3542.1 признаков/сек
[2025-12-19 20:55:22] INFO     | 💾 Чекпоинт (36000/566541 файлов)
[2025-12-19 20:55:22] INFO     | 📈 Прогресс: 36000/566541 файлов | 3634.5 признаков/сек
[2025-12-19 20:57:15] INFO     | 📈 Прогресс: 36800/566541 файлов | 3724.6 признаков/сек
[2025-12-19 20:59:13] INFO     | 📈 Прогресс: 37600/566541 файлов | 3814.0 признаков/сек
[2025-12-19 21:01:15] INFO     | 📈 Прогресс: 38400/566541 файлов | 3898.8 признаков/сек
[2025-12-19 21:03:22] INFO     | 📈 Прогресс: 39200/566541 файлов | 3979.8 признаков/сек
[2025-12-19 21:05:16] INFO     | 💾 Чекпоинт (40000/566541 файлов)
[2025-12-19 21:05:16] INFO     | 📈 Прогресс: 40000/566541 файлов | 4058.7 признаков/сек
[2025-12-19 21:07:13] INFO     | 📈 Прогресс: 40800/566541 файлов | 4136.3 признаков/сек
[2025-12-19 21:09:37] INFO     | 📈 Прогресс: 41600/566541 файлов | 4201.1 признаков/сек
[2025-12-19 21:11:50] INFO     | 📈 Прогресс: 42400/566541 файлов | 4269.2 признаков/сек
[2025-12-19 21:14:05] INFO     | 📈 Прогресс: 43200/566541 файлов | 4332.6 признаков/сек
[2025-12-19 21:16:05] INFO     | 💾 Чекпоинт (44000/566541 файлов)
[2025-12-19 21:16:05] INFO     | 📈 Прогресс: 44000/566541 файлов | 4399.6 признаков/сек
[2025-12-19 21:18:02] INFO     | 📈 Прогресс: 44800/566541 файлов | 4468.4 признаков/сек
[2025-12-19 21:20:10] INFO     | 📈 Прогресс: 45600/566541 файлов | 4531.5 признаков/сек
[2025-12-19 21:22:06] INFO     | 📈 Прогресс: 46400/566541 файлов | 4597.7 признаков/сек
[2025-12-19 21:24:35] INFO     | 📈 Прогресс: 47200/566541 файлов | 4645.5 признаков/сек
[2025-12-19 21:26:29] INFO     | 💾 Чекпоинт (48000/566541 файлов)
[2025-12-19 21:26:29] INFO     | 📈 Прогресс: 48000/566541 файлов | 4708.7 признаков/сек
[2025-12-19 21:28:40] INFO     | 📈 Прогресс: 48800/566541 файлов | 4760.6 признаков/сек
[2025-12-19 21:30:39] INFO     | 📈 Прогресс: 49600/566541 файлов | 4818.5 признаков/сек
[2025-12-19 21:32:31] INFO     | 📈 Прогресс: 50400/566541 файлов | 4876.3 признаков/сек
[2025-12-19 21:34:25] INFO     | 📈 Прогресс: 51200/566541 файлов | 4934.3 признаков/сек
[2025-12-19 21:36:21] INFO     | 💾 Чекпоинт (52000/566541 файлов)
[2025-12-19 21:36:21] INFO     | 📈 Прогресс: 52000/566541 файлов | 4990.4 признаков/сек
[2025-12-19 21:38:14] INFO     | 📈 Прогресс: 52800/566541 файлов | 5044.9 признаков/сек
[2025-12-19 21:40:08] INFO     | 📈 Прогресс: 53600/566541 файлов | 5099.0 признаков/сек
[2025-12-19 21:42:04] INFO     | 📈 Прогресс: 54400/566541 файлов | 5151.5 признаков/сек
[2025-12-19 21:44:00] INFO     | 📈 Прогресс: 55200/566541 файлов | 5203.0 признаков/сек
[2025-12-19 21:45:57] INFO     | 💾 Чекпоинт (56000/566541 файлов)
[2025-12-19 21:45:57] INFO     | 📈 Прогресс: 56000/566541 файлов | 5253.0 признаков/сек
[2025-12-19 21:47:52] INFO     | 📈 Прогресс: 56800/566541 файлов | 5303.2 признаков/сек
[2025-12-19 21:49:46] INFO     | 📈 Прогресс: 57600/566541 файлов | 5350.4 признаков/сек
[2025-12-19 21:51:40] INFO     | 📈 Прогресс: 58400/566541 файлов | 5397.8 признаков/сек
[2025-12-19 21:53:36] INFO     | 📈 Прогресс: 59200/566541 файлов | 5443.4 признаков/сек
[2025-12-19 21:55:42] INFO     | 💾 Чекпоинт (60000/566541 файлов)
[2025-12-19 21:55:42] INFO     | 📈 Прогресс: 60000/566541 файлов | 5483.5 признаков/сек
[2025-12-19 21:57:31] INFO     | 📈 Прогресс: 60800/566541 файлов | 5527.1 признаков/сек
[2025-12-19 21:59:28] INFO     | 📈 Прогресс: 61600/566541 файлов | 5571.8 признаков/сек
[2025-12-19 22:01:26] INFO     | 📈 Прогресс: 62400/566541 файлов | 5614.2 признаков/сек
[2025-12-19 22:03:24] INFO     | 📈 Прогресс: 63200/566541 файлов | 5656.5 признаков/сек
[2025-12-19 22:05:19] INFO     | 💾 Чекпоинт (64000/566541 файлов)
[2025-12-19 22:05:19] INFO     | 📈 Прогресс: 64000/566541 файлов | 5697.1 признаков/сек
[2025-12-19 22:07:13] INFO     | 📈 Прогресс: 64800/566541 файлов | 5738.1 признаков/сек
[2025-12-19 22:09:08] INFO     | 📈 Прогресс: 65600/566541 файлов | 5776.9 признаков/сек
[2025-12-19 22:11:06] INFO     | 📈 Прогресс: 66400/566541 файлов | 5815.5 признаков/сек
[2025-12-19 22:12:59] INFO     | 📈 Прогресс: 67200/566541 файлов | 5854.0 признаков/сек
[2025-12-19 22:15:08] INFO     | 💾 Чекпоинт (68000/566541 файлов)
[2025-12-19 22:15:08] INFO     | 📈 Прогресс: 68000/566541 файлов | 5883.3 признаков/сек
[2025-12-19 22:16:59] INFO     | 📈 Прогресс: 68800/566541 файлов | 5919.9 признаков/сек
[2025-12-19 22:19:07] INFO     | 📈 Прогресс: 69600/566541 файлов | 5950.5 признаков/сек
[2025-12-19 22:20:30] WARNING  | 
🛑 Обучение прервано пользователем!
[2025-12-19 22:20:30] INFO     | 💾 Сохранение промежуточного результата...
[2025-12-19 22:20:30] INFO     | ✅ Промежуточный результат сохранен: H:\tts\fin\outputs\full_kmeans\kmeans_temp_checkpoint.joblib
[2025-12-19 22:20:30] INFO     | 📌 Чтобы продолжить, запустите скрипт снова БЕЗ --force_retrain
[2025-12-19 22:20:30] INFO     | 
============================================================
[2025-12-19 22:20:30] INFO     | 🛑 ПРОГРАММА ПРЕРВАНА ПОЛЬЗОВАТЕЛЕМ
[2025-12-19 22:20:30] INFO     | ============================================================
[2025-12-19 22:20:30] INFO     | ✅ Все промежуточные результаты сохранены
[2025-12-19 22:20:30] INFO     | ✅ При повторном запуске обработка продолжится с последней точки
[2025-12-19 22:20:30] INFO     | ============================================================
[2025-12-21 09:29:44] INFO     | 
============================================================
[2025-12-21 09:29:44] INFO     | 📚 PSEUDO-PHONEME EXTRACTOR FOR TRANSFER LEARNING TTS
[2025-12-21 09:29:44] INFO     | ============================================================
[2025-12-21 09:29:44] INFO     | 📄 Основано на статье:
[2025-12-21 09:29:44] INFO     |    'Transfer Learning from Speech Recognition to Text-to-Speech Synthesis'
[2025-12-21 09:29:44] INFO     |    'Using Self-Supervised Representations'
[2025-12-21 09:29:44] INFO     |    https://arxiv.org/abs/2203.15447
[2025-12-21 09:29:44] INFO     | 
[2025-12-21 09:29:44] INFO     | 🎯 Ключевые параметры из статьи:
[2025-12-21 09:29:44] INFO     |    • Модель wav2vec 2.0: facebook/wav2vec2-large-lv60
[2025-12-21 09:29:44] INFO     |    • Слой для признаков: block 15 (hidden representation of block 15)
[2025-12-21 09:29:44] INFO     |    • Количество кластеров: 128 (K=128)
[2025-12-21 09:29:44] INFO     |    • Объединение последовательных одинаковых индексов кластеров
[2025-12-21 09:29:44] INFO     | 
[2025-12-21 09:29:44] INFO     | ⚙️  Текущий режим: train_kmeans
[2025-12-21 09:29:44] INFO     | 📂 Директория аудио: H:\tts\fin\unlabelled_data_wav\fi
[2025-12-21 09:29:44] INFO     | 📂 Выходная директория: H:\tts\fin\outputs\full_kmeans
[2025-12-21 09:29:44] INFO     | ============================================================

[2025-12-21 09:29:44] INFO     | 💻 Используется устройство: cuda
[2025-12-21 09:29:44] INFO     | 📊 Доступно GPU памяти: 10.0 GB
[2025-12-21 09:29:44] INFO     | 📊 Доступно RAM: 25.3 GB
[2025-12-21 09:29:44] INFO     | ⚡ Автоматически подобран размер батча: 32
[2025-12-21 09:30:43] INFO     | 🔄 Загрузка модели C:\Users\Александр\Desktop\wav2vec2-large-lv60 на cuda...
[2025-12-21 09:30:54] INFO     | 🔍 Модель содержит 24 скрытых слоев
[2025-12-21 09:30:54] INFO     | ✅ Модель успешно загружена. Используется слой: 15
[2025-12-21 09:30:54] INFO     | 
============================================================
[2025-12-21 09:30:54] INFO     | 🎯 ЭТАП 1: ОБУЧЕНИЕ K-MEANS НА СКРЫТЫХ ПРЕДСТАВЛЕНИЯХ
[2025-12-21 09:30:54] INFO     | ============================================================
[2025-12-21 09:30:54] INFO     | 📌 Продолжение обучения с файла #69600
[2025-12-21 09:30:55] INFO     | 🚀 Запуск/продолжение обучения K-means...
[2025-12-21 09:30:55] INFO     | 🔄 Загрузка временного чекпоинта: H:\tts\fin\outputs\full_kmeans\kmeans_temp_checkpoint.joblib
[2025-12-21 09:30:55] INFO     | ✅ Временная модель K-means загружена.
[2025-12-21 09:30:55] INFO     | 📊 Продолжение обучения с загруженной модели.
[2025-12-21 09:30:55] INFO     | 🚀 Запуск/продолжение обучения...
[2025-12-21 09:30:55] INFO     |    • Начинаем с файла: 69600
[2025-12-21 09:30:55] INFO     |    • Всего файлов: 566541
[2025-12-21 09:32:52] INFO     | 📈 Прогресс: 70400/566541 файлов | 9796.1 признаков/сек
[2025-12-21 09:34:54] INFO     | 📈 Прогресс: 71200/566541 файлов | 9702.1 признаков/сек
[2025-12-21 09:37:03] INFO     | 💾 Чекпоинт (72000/566541 файлов)
[2025-12-21 09:37:03] INFO     | 📈 Прогресс: 72000/566541 файлов | 9419.5 признаков/сек
[2025-12-21 09:39:11] INFO     | 📈 Прогресс: 72800/566541 файлов | 9246.0 признаков/сек
[2025-12-21 09:41:33] INFO     | 📈 Прогресс: 73600/566541 файлов | 8981.3 признаков/сек
[2025-12-21 09:43:50] INFO     | 📈 Прогресс: 74400/566541 файлов | 8884.3 признаков/сек
[2025-12-21 09:46:06] INFO     | 📈 Прогресс: 75200/566541 файлов | 8810.4 признаков/сек
[2025-12-21 09:48:16] INFO     | 💾 Чекпоинт (76000/566541 файлов)
[2025-12-21 09:48:16] INFO     | 📈 Прогресс: 76000/566541 файлов | 8826.2 признаков/сек
[2025-12-21 09:51:17] INFO     | 📈 Прогресс: 76800/566541 файлов | 8471.1 признаков/сек
[2025-12-21 09:54:35] INFO     | 📈 Прогресс: 77600/566541 файлов | 8096.1 признаков/сек
[2025-12-21 09:58:19] INFO     | 📈 Прогресс: 78400/566541 файлов | 7689.0 признаков/сек
[2025-12-21 10:02:11] INFO     | 📈 Прогресс: 79200/566541 файлов | 7353.7 признаков/сек
[2025-12-21 10:06:06] INFO     | 💾 Чекпоинт (80000/566541 файлов)
[2025-12-21 10:06:06] INFO     | 📈 Прогресс: 80000/566541 файлов | 7078.5 признаков/сек
[2025-12-21 10:10:11] INFO     | 📈 Прогресс: 80800/566541 файлов | 6832.1 признаков/сек
[2025-12-21 10:14:10] INFO     | 📈 Прогресс: 81600/566541 файлов | 6639.4 признаков/сек
[2025-12-21 10:17:59] INFO     | 📈 Прогресс: 82400/566541 файлов | 6500.0 признаков/сек
[2025-12-21 10:21:40] INFO     | 📈 Прогресс: 83200/566541 файлов | 6407.9 признаков/сек
[2025-12-21 10:25:24] INFO     | 💾 Чекпоинт (84000/566541 файлов)
[2025-12-21 10:25:24] INFO     | 📈 Прогресс: 84000/566541 файлов | 6312.6 признаков/сек
[2025-12-21 10:29:07] INFO     | 📈 Прогресс: 84800/566541 файлов | 6239.7 признаков/сек
[2025-12-21 10:32:59] INFO     | 📈 Прогресс: 85600/566541 файлов | 6157.2 признаков/сек
[2025-12-21 10:35:59] INFO     | 📈 Прогресс: 86400/566541 файлов | 6163.9 признаков/сек
[2025-12-21 10:37:54] INFO     | 📈 Прогресс: 87200/566541 файлов | 6272.2 признаков/сек
[2025-12-21 10:39:47] INFO     | 💾 Чекпоинт (88000/566541 файлов)
[2025-12-21 10:39:47] INFO     | 📈 Прогресс: 88000/566541 файлов | 6378.6 признаков/сек
[2025-12-21 10:41:42] INFO     | 📈 Прогресс: 88800/566541 файлов | 6479.6 признаков/сек
[2025-12-21 10:43:38] INFO     | 📈 Прогресс: 89600/566541 файлов | 6575.0 признаков/сек
[2025-12-21 10:45:31] INFO     | 📈 Прогресс: 90400/566541 файлов | 6664.4 признаков/сек
[2025-12-21 10:47:26] INFO     | 📈 Прогресс: 91200/566541 файлов | 6749.7 признаков/сек
[2025-12-21 10:49:20] INFO     | 💾 Чекпоинт (92000/566541 файлов)
[2025-12-21 10:49:20] INFO     | 📈 Прогресс: 92000/566541 файлов | 6831.0 признаков/сек
[2025-12-21 10:51:15] INFO     | 📈 Прогресс: 92800/566541 файлов | 6909.1 признаков/сек
[2025-12-21 10:53:12] INFO     | 📈 Прогресс: 93600/566541 файлов | 6983.7 признаков/сек
[2025-12-21 10:55:06] INFO     | 📈 Прогресс: 94400/566541 файлов | 7054.3 признаков/сек
[2025-12-21 10:57:02] INFO     | 📈 Прогресс: 95200/566541 файлов | 7121.9 признаков/сек
[2025-12-21 10:58:56] INFO     | 💾 Чекпоинт (96000/566541 файлов)
[2025-12-21 10:58:56] INFO     | 📈 Прогресс: 96000/566541 файлов | 7186.8 признаков/сек
[2025-12-21 11:00:50] INFO     | 📈 Прогресс: 96800/566541 файлов | 7249.2 признаков/сек
[2025-12-21 11:02:46] INFO     | 📈 Прогресс: 97600/566541 файлов | 7308.0 признаков/сек
[2025-12-21 11:04:40] INFO     | 📈 Прогресс: 98400/566541 файлов | 7365.6 признаков/сек
[2025-12-21 11:06:35] INFO     | 📈 Прогресс: 99200/566541 файлов | 7419.3 признаков/сек
[2025-12-21 11:08:28] INFO     | 💾 Чекпоинт (100000/566541 файлов)
[2025-12-21 11:08:28] INFO     | 📈 Прогресс: 100000/566541 файлов | 7472.0 признаков/сек
[2025-12-21 11:10:24] INFO     | 📈 Прогресс: 100800/566541 файлов | 7521.4 признаков/сек
[2025-12-21 11:12:20] INFO     | 📈 Прогресс: 101600/566541 файлов | 7569.0 признаков/сек
[2025-12-21 11:14:16] INFO     | 📈 Прогресс: 102400/566541 файлов | 7615.2 признаков/сек
[2025-12-21 11:16:12] INFO     | 📈 Прогресс: 103200/566541 файлов | 7660.9 признаков/сек
[2025-12-21 11:18:05] INFO     | 💾 Чекпоинт (104000/566541 файлов)
[2025-12-21 11:18:05] INFO     | 📈 Прогресс: 104000/566541 файлов | 7704.4 признаков/сек
[2025-12-21 11:20:01] INFO     | 📈 Прогресс: 104800/566541 файлов | 7747.2 признаков/сек
[2025-12-21 11:21:52] INFO     | 📈 Прогресс: 105600/566541 файлов | 7788.4 признаков/сек
[2025-12-21 11:23:46] INFO     | 📈 Прогресс: 106400/566541 файлов | 7828.6 признаков/сек
[2025-12-21 11:25:42] INFO     | 📈 Прогресс: 107200/566541 файлов | 7866.7 признаков/сек
[2025-12-21 11:27:37] INFO     | 💾 Чекпоинт (108000/566541 файлов)
[2025-12-21 11:27:37] INFO     | 📈 Прогресс: 108000/566541 файлов | 7903.7 признаков/сек
[2025-12-21 11:29:37] INFO     | 📈 Прогресс: 108800/566541 файлов | 7931.8 признаков/сек
[2025-12-21 11:31:36] INFO     | 📈 Прогресс: 109600/566541 файлов | 7959.5 признаков/сек
[2025-12-21 11:33:34] INFO     | 📈 Прогресс: 110400/566541 файлов | 7992.4 признаков/сек
[2025-12-21 11:35:29] INFO     | 📈 Прогресс: 111200/566541 файлов | 8025.1 признаков/сек
[2025-12-21 11:37:24] INFO     | 💾 Чекпоинт (112000/566541 файлов)
[2025-12-21 11:37:24] INFO     | 📈 Прогресс: 112000/566541 файлов | 8056.5 признаков/сек
[2025-12-21 11:39:18] INFO     | 📈 Прогресс: 112800/566541 файлов | 8086.5 признаков/сек
[2025-12-21 11:41:17] INFO     | 📈 Прогресс: 113600/566541 файлов | 8113.5 признаков/сек
[2025-12-21 11:43:44] INFO     | 📈 Прогресс: 114400/566541 файлов | 8110.1 признаков/сек
[2025-12-21 11:46:19] INFO     | 📈 Прогресс: 115200/566541 файлов | 8093.9 признаков/сек
[2025-12-21 11:48:51] INFO     | 💾 Чекпоинт (116000/566541 файлов)
[2025-12-21 11:48:51] INFO     | 📈 Прогресс: 116000/566541 файлов | 8085.3 признаков/сек
[2025-12-21 11:51:18] INFO     | 📈 Прогресс: 116800/566541 файлов | 8081.7 признаков/сек
[2025-12-21 11:53:47] INFO     | 📈 Прогресс: 117600/566541 файлов | 8075.9 признаков/сек
[2025-12-21 11:56:14] INFO     | 📈 Прогресс: 118400/566541 файлов | 8073.3 признаков/сек
[2025-12-21 11:58:36] INFO     | 📈 Прогресс: 119200/566541 файлов | 8075.7 признаков/сек
[2025-12-21 12:00:59] INFO     | 💾 Чекпоинт (120000/566541 файлов)
[2025-12-21 12:00:59] INFO     | 📈 Прогресс: 120000/566541 файлов | 8075.8 признаков/сек
[2025-12-21 12:04:37] INFO     | 📈 Прогресс: 120800/566541 файлов | 8011.4 признаков/сек
[2025-12-21 12:08:41] INFO     | 📈 Прогресс: 121600/566541 файлов | 7927.1 признаков/сек
[2025-12-21 12:12:41] INFO     | 📈 Прогресс: 122400/566541 файлов | 7850.9 признаков/сек
[2025-12-21 12:16:44] INFO     | 📈 Прогресс: 123200/566541 файлов | 7776.2 признаков/сек
[2025-12-21 12:20:52] INFO     | 💾 Чекпоинт (124000/566541 файлов)
[2025-12-21 12:20:52] INFO     | 📈 Прогресс: 124000/566541 файлов | 7701.3 признаков/сек
[2025-12-21 12:25:57] INFO     | 📈 Прогресс: 124800/566541 файлов | 7584.1 признаков/сек
[2025-12-21 12:30:27] INFO     | 📈 Прогресс: 125600/566541 файлов | 7500.0 признаков/сек
[2025-12-21 12:34:33] INFO     | 📈 Прогресс: 126400/566541 файлов | 7436.3 признаков/сек
[2025-12-21 12:38:41] INFO     | 📈 Прогресс: 127200/566541 файлов | 7373.6 признаков/сек
[2025-12-21 12:42:42] INFO     | 💾 Чекпоинт (128000/566541 файлов)
[2025-12-21 12:42:42] INFO     | 📈 Прогресс: 128000/566541 файлов | 7321.2 признаков/сек
[2025-12-21 12:44:45] INFO     | 📈 Прогресс: 128800/566541 файлов | 7343.9 признаков/сек
[2025-12-21 12:46:36] INFO     | 📈 Прогресс: 129600/566541 файлов | 7370.4 признаков/сек
[2025-12-21 12:48:30] INFO     | 📈 Прогресс: 130400/566541 файлов | 7397.0 признаков/сек
[2025-12-21 12:50:24] INFO     | 📈 Прогресс: 131200/566541 файлов | 7423.0 признаков/сек
[2025-12-21 12:52:16] INFO     | 💾 Чекпоинт (132000/566541 файлов)
[2025-12-21 12:52:16] INFO     | 📈 Прогресс: 132000/566541 файлов | 7448.0 признаков/сек
[2025-12-21 12:54:06] INFO     | 📈 Прогресс: 132800/566541 файлов | 7472.3 признаков/сек
[2025-12-21 12:56:01] INFO     | 📈 Прогресс: 133600/566541 файлов | 7496.5 признаков/сек
[2025-12-21 12:57:56] INFO     | 📈 Прогресс: 134400/566541 файлов | 7520.4 признаков/сек
[2025-12-21 12:59:50] INFO     | 📈 Прогресс: 135200/566541 файлов | 7543.8 признаков/сек
[2025-12-21 13:01:46] INFO     | 💾 Чекпоинт (136000/566541 файлов)
[2025-12-21 13:01:46] INFO     | 📈 Прогресс: 136000/566541 файлов | 7566.8 признаков/сек
[2025-12-21 13:03:40] INFO     | 📈 Прогресс: 136800/566541 файлов | 7589.3 признаков/сек
[2025-12-21 13:05:36] INFO     | 📈 Прогресс: 137600/566541 файлов | 7611.5 признаков/сек
[2025-12-21 13:07:30] INFO     | 📈 Прогресс: 138400/566541 файлов | 7633.4 признаков/сек
[2025-12-21 13:09:26] INFO     | 📈 Прогресс: 139200/566541 файлов | 7654.7 признаков/сек
[2025-12-21 13:11:18] INFO     | 💾 Чекпоинт (140000/566541 файлов)
[2025-12-21 13:11:18] INFO     | 📈 Прогресс: 140000/566541 файлов | 7675.4 признаков/сек
[2025-12-21 13:13:13] INFO     | 📈 Прогресс: 140800/566541 файлов | 7695.7 признаков/сек
[2025-12-21 13:15:05] INFO     | 📈 Прогресс: 141600/566541 файлов | 7715.6 признаков/сек
[2025-12-21 13:17:00] INFO     | 📈 Прогресс: 142400/566541 файлов | 7735.8 признаков/сек
[2025-12-21 13:18:54] INFO     | 📈 Прогресс: 143200/566541 файлов | 7755.3 признаков/сек
[2025-12-21 13:20:47] INFO     | 💾 Чекпоинт (144000/566541 файлов)
[2025-12-21 13:20:47] INFO     | 📈 Прогресс: 144000/566541 файлов | 7774.2 признаков/сек
[2025-12-21 13:22:43] INFO     | 📈 Прогресс: 144800/566541 файлов | 7793.1 признаков/сек
[2025-12-21 13:24:37] INFO     | 📈 Прогресс: 145600/566541 файлов | 7812.0 признаков/сек
[2025-12-21 13:26:30] INFO     | 📈 Прогресс: 146400/566541 файлов | 7830.0 признаков/сек
[2025-12-21 13:28:20] INFO     | 📈 Прогресс: 147200/566541 файлов | 7847.9 признаков/сек
[2025-12-21 13:30:21] INFO     | 💾 Чекпоинт (148000/566541 файлов)
[2025-12-21 13:30:21] INFO     | 📈 Прогресс: 148000/566541 файлов | 7862.5 признаков/сек
[2025-12-21 13:32:26] INFO     | 📈 Прогресс: 148800/566541 файлов | 7874.7 признаков/сек
[2025-12-21 13:34:53] INFO     | 📈 Прогресс: 149600/566541 файлов | 7875.3 признаков/сек
[2025-12-21 13:36:49] INFO     | 📈 Прогресс: 150400/566541 файлов | 7892.2 признаков/сек
[2025-12-21 13:38:42] INFO     | 📈 Прогресс: 151200/566541 файлов | 7908.9 признаков/сек
[2025-12-21 13:40:32] INFO     | 💾 Чекпоинт (152000/566541 файлов)
[2025-12-21 13:40:32] INFO     | 📈 Прогресс: 152000/566541 файлов | 7924.6 признаков/сек
[2025-12-21 13:42:29] INFO     | 📈 Прогресс: 152800/566541 файлов | 7940.9 признаков/сек
[2025-12-21 13:44:24] INFO     | 📈 Прогресс: 153600/566541 файлов | 7956.4 признаков/сек
[2025-12-21 13:46:17] INFO     | 📈 Прогресс: 154400/566541 файлов | 7971.5 признаков/сек
[2025-12-21 13:48:11] INFO     | 📈 Прогресс: 155200/566541 файлов | 7986.4 признаков/сек
[2025-12-21 13:50:05] INFO     | 💾 Чекпоинт (156000/566541 файлов)
[2025-12-21 13:50:05] INFO     | 📈 Прогресс: 156000/566541 файлов | 8001.3 признаков/сек
[2025-12-21 13:52:00] INFO     | 📈 Прогресс: 156800/566541 файлов | 8015.7 признаков/сек
[2025-12-21 13:53:54] INFO     | 📈 Прогресс: 157600/566541 файлов | 8030.1 признаков/сек
[2025-12-21 13:55:50] INFO     | 📈 Прогресс: 158400/566541 файлов | 8044.2 признаков/сек
[2025-12-21 13:57:46] INFO     | 📈 Прогресс: 159200/566541 файлов | 8057.9 признаков/сек
[2025-12-21 13:59:40] INFO     | 💾 Чекпоинт (160000/566541 файлов)
[2025-12-21 13:59:40] INFO     | 📈 Прогресс: 160000/566541 файлов | 8072.0 признаков/сек
[2025-12-21 14:01:38] INFO     | 📈 Прогресс: 160800/566541 файлов | 8085.6 признаков/сек
[2025-12-21 14:03:38] INFO     | 📈 Прогресс: 161600/566541 файлов | 8097.0 признаков/сек
[2025-12-21 14:05:35] INFO     | 📈 Прогресс: 162400/566541 файлов | 8109.5 признаков/сек
[2025-12-21 14:07:28] INFO     | 📈 Прогресс: 163200/566541 файлов | 8122.4 признаков/сек
[2025-12-21 14:09:20] INFO     | 💾 Чекпоинт (164000/566541 файлов)
[2025-12-21 14:09:20] INFO     | 📈 Прогресс: 164000/566541 файлов | 8135.3 признаков/сек
[2025-12-21 14:11:14] INFO     | 📈 Прогресс: 164800/566541 файлов | 8148.1 признаков/сек
[2025-12-21 14:13:12] INFO     | 📈 Прогресс: 165600/566541 файлов | 8159.2 признаков/сек
[2025-12-21 14:15:07] INFO     | 📈 Прогресс: 166400/566541 файлов | 8171.7 признаков/сек
[2025-12-21 14:17:03] INFO     | 📈 Прогресс: 167200/566541 файлов | 8184.3 признаков/сек
[2025-12-21 14:18:55] INFO     | 💾 Чекпоинт (168000/566541 файлов)
[2025-12-21 14:18:55] INFO     | 📈 Прогресс: 168000/566541 файлов | 8196.8 признаков/сек
[2025-12-21 14:20:48] INFO     | 📈 Прогресс: 168800/566541 файлов | 8209.2 признаков/сек
[2025-12-21 14:22:44] INFO     | 📈 Прогресс: 169600/566541 файлов | 8219.7 признаков/сек
[2025-12-21 14:26:08] INFO     | 📈 Прогресс: 170400/566541 файлов | 8189.9 признаков/сек
[2025-12-21 14:28:56] INFO     | 📈 Прогресс: 171200/566541 файлов | 8178.8 признаков/сек
[2025-12-21 14:31:32] INFO     | 💾 Чекпоинт (172000/566541 файлов)
[2025-12-21 14:31:32] INFO     | 📈 Прогресс: 172000/566541 файлов | 8171.7 признаков/сек
[2025-12-21 14:34:30] INFO     | 📈 Прогресс: 172800/566541 файлов | 8155.1 признаков/сек
[2025-12-21 14:36:54] INFO     | 📈 Прогресс: 173600/566541 файлов | 8153.2 признаков/сек
[2025-12-21 14:39:19] INFO     | 📈 Прогресс: 174400/566541 файлов | 8152.2 признаков/сек
[2025-12-21 14:42:12] INFO     | 📈 Прогресс: 175200/566541 файлов | 8138.9 признаков/сек
[2025-12-21 14:46:02] INFO     | 💾 Чекпоинт (176000/566541 файлов)
[2025-12-21 14:46:02] INFO     | 📈 Прогресс: 176000/566541 файлов | 8100.9 признаков/сек
[2025-12-21 14:50:11] INFO     | 📈 Прогресс: 176800/566541 файлов | 8055.7 признаков/сек
[2025-12-21 14:54:39] INFO     | 📈 Прогресс: 177600/566541 файлов | 8003.1 признаков/сек
[2025-12-21 14:58:40] INFO     | 📈 Прогресс: 178400/566541 файлов | 7964.1 признаков/сек
[2025-12-21 15:02:44] INFO     | 📈 Прогресс: 179200/566541 файлов | 7925.0 признаков/сек
[2025-12-21 15:06:38] INFO     | 💾 Чекпоинт (180000/566541 файлов)
[2025-12-21 15:06:38] INFO     | 📈 Прогресс: 180000/566541 файлов | 7890.2 признаков/сек
[2025-12-21 15:10:43] INFO     | 📈 Прогресс: 180800/566541 файлов | 7851.2 признаков/сек
[2025-12-21 15:14:54] INFO     | 📈 Прогресс: 181600/566541 файлов | 7811.8 признаков/сек
[2025-12-21 15:18:45] INFO     | 📈 Прогресс: 182400/566541 файлов | 7780.0 признаков/сек
[2025-12-21 15:22:44] INFO     | 📈 Прогресс: 183200/566541 файлов | 7746.0 признаков/сек
[2025-12-21 15:24:39] INFO     | 💾 Чекпоинт (184000/566541 файлов)
[2025-12-21 15:24:39] INFO     | 📈 Прогресс: 184000/566541 файлов | 7758.6 признаков/сек
[2025-12-21 15:26:32] INFO     | 📈 Прогресс: 184800/566541 файлов | 7770.9 признаков/сек
[2025-12-21 15:28:27] INFO     | 📈 Прогресс: 185600/566541 файлов | 7783.2 признаков/сек
[2025-12-21 15:30:21] INFO     | 📈 Прогресс: 186400/566541 файлов | 7795.0 признаков/сек
[2025-12-21 15:32:26] INFO     | 📈 Прогресс: 187200/566541 файлов | 7804.3 признаков/сек
[2025-12-21 15:34:22] INFO     | 💾 Чекпоинт (188000/566541 файлов)
[2025-12-21 15:34:22] INFO     | 📈 Прогресс: 188000/566541 файлов | 7815.0 признаков/сек
[2025-12-21 15:36:15] INFO     | 📈 Прогресс: 188800/566541 файлов | 7826.6 признаков/сек
[2025-12-21 15:38:09] INFO     | 📈 Прогресс: 189600/566541 файлов | 7838.1 признаков/сек
[2025-12-21 15:40:03] INFO     | 📈 Прогресс: 190400/566541 файлов | 7849.3 признаков/сек
[2025-12-21 15:41:57] INFO     | 📈 Прогресс: 191200/566541 файлов | 7860.4 признаков/сек
[2025-12-21 15:43:51] INFO     | 💾 Чекпоинт (192000/566541 файлов)
[2025-12-21 15:43:51] INFO     | 📈 Прогресс: 192000/566541 файлов | 7871.1 признаков/сек
[2025-12-21 15:45:47] INFO     | 📈 Прогресс: 192800/566541 файлов | 7882.0 признаков/сек
[2025-12-21 15:47:40] INFO     | 📈 Прогресс: 193600/566541 файлов | 7892.9 признаков/сек
[2025-12-21 15:49:35] INFO     | 📈 Прогресс: 194400/566541 файлов | 7903.8 признаков/сек
[2025-12-21 15:51:31] INFO     | 📈 Прогресс: 195200/566541 файлов | 7914.5 признаков/сек
[2025-12-21 15:53:27] INFO     | 💾 Чекпоинт (196000/566541 файлов)
[2025-12-21 15:53:27] INFO     | 📈 Прогресс: 196000/566541 файлов | 7925.2 признаков/сек
[2025-12-21 15:55:21] INFO     | 📈 Прогресс: 196800/566541 файлов | 7935.9 признаков/сек
[2025-12-21 15:57:18] INFO     | 📈 Прогресс: 197600/566541 файлов | 7944.9 признаков/сек
[2025-12-21 15:59:18] INFO     | 📈 Прогресс: 198400/566541 файлов | 7952.6 признаков/сек
[2025-12-21 16:02:45] INFO     | 📈 Прогресс: 199200/566541 файлов | 7931.9 признаков/сек
[2025-12-21 16:05:16] INFO     | 💾 Чекпоинт (200000/566541 файлов)
[2025-12-21 16:05:16] INFO     | 📈 Прогресс: 200000/566541 файлов | 7930.6 признаков/сек
[2025-12-21 16:08:09] INFO     | 📈 Прогресс: 200800/566541 файлов | 7921.1 признаков/сек
[2025-12-21 16:10:38] INFO     | 📈 Прогресс: 201600/566541 файлов | 7920.6 признаков/сек
[2025-12-21 16:13:07] INFO     | 📈 Прогресс: 202400/566541 файлов | 7919.9 признаков/сек
[2025-12-21 16:15:30] INFO     | 📈 Прогресс: 203200/566541 файлов | 7920.4 признаков/сек
[2025-12-21 16:18:08] INFO     | 💾 Чекпоинт (204000/566541 файлов)
[2025-12-21 16:18:08] INFO     | 📈 Прогресс: 204000/566541 файлов | 7915.5 признаков/сек
[2025-12-21 16:21:45] INFO     | 📈 Прогресс: 204800/566541 файлов | 7892.4 признаков/сек
[2025-12-21 16:25:55] INFO     | 📈 Прогресс: 205600/566541 файлов | 7859.9 признаков/сек
[2025-12-21 16:29:55] INFO     | 📈 Прогресс: 206400/566541 файлов | 7830.7 признаков/сек
[2025-12-21 16:34:10] INFO     | 📈 Прогресс: 207200/566541 файлов | 7797.1 признаков/сек
[2025-12-21 16:38:23] INFO     | 💾 Чекпоинт (208000/566541 файлов)
[2025-12-21 16:38:23] INFO     | 📈 Прогресс: 208000/566541 файлов | 7764.3 признаков/сек
[2025-12-21 16:42:10] INFO     | 📈 Прогресс: 208800/566541 файлов | 7740.5 признаков/сек
[2025-12-21 16:46:11] INFO     | 📈 Прогресс: 209600/566541 файлов | 7712.9 признаков/сек
[2025-12-21 16:50:05] INFO     | 📈 Прогресс: 210400/566541 файлов | 7687.9 признаков/сек
[2025-12-21 16:53:34] INFO     | 📈 Прогресс: 211200/566541 файлов | 7669.9 признаков/сек
[2025-12-21 16:55:28] INFO     | 💾 Чекпоинт (212000/566541 файлов)
[2025-12-21 16:55:28] INFO     | 📈 Прогресс: 212000/566541 файлов | 7680.1 признаков/сек
[2025-12-21 16:58:01] INFO     | 📈 Прогресс: 212800/566541 файлов | 7679.5 признаков/сек
[2025-12-21 17:00:26] INFO     | 📈 Прогресс: 213600/566541 файлов | 7681.7 признаков/сек
[2025-12-21 17:02:47] INFO     | 📈 Прогресс: 214400/566541 файлов | 7684.5 признаков/сек
[2025-12-21 17:05:07] INFO     | 📈 Прогресс: 215200/566541 файлов | 7687.0 признаков/сек
[2025-12-21 20:26:26] INFO     | 💾 Чекпоинт (216000/566541 файлов)
[2025-12-21 20:26:26] INFO     | 📈 Прогресс: 216000/566541 файлов | 5355.3 признаков/сек
[2025-12-21 20:26:32] WARNING  | 
🛑 Обучение прервано пользователем!
[2025-12-21 20:26:32] INFO     | 💾 Сохранение промежуточного результата...
[2025-12-21 20:26:32] INFO     | ✅ Промежуточный результат сохранен: H:\tts\fin\outputs\full_kmeans\kmeans_temp_checkpoint.joblib
[2025-12-21 20:26:32] INFO     | 📌 Чтобы продолжить, запустите скрипт снова БЕЗ --force_retrain
[2025-12-21 20:26:32] INFO     | 
============================================================
[2025-12-21 20:26:32] INFO     | 🛑 ПРОГРАММА ПРЕРВАНА ПОЛЬЗОВАТЕЛЕМ
[2025-12-21 20:26:32] INFO     | ============================================================
[2025-12-21 20:26:32] INFO     | ✅ Все промежуточные результаты сохранены
[2025-12-21 20:26:32] INFO     | ✅ При повторном запуске обработка продолжится с последней точки
[2025-12-21 20:26:32] INFO     | ============================================================
[2025-12-21 20:29:13] INFO     | 
============================================================
[2025-12-21 20:29:13] INFO     | 📚 PSEUDO-PHONEME EXTRACTOR FOR TRANSFER LEARNING TTS
[2025-12-21 20:29:13] INFO     | ============================================================
[2025-12-21 20:29:13] INFO     | 📄 Основано на статье:
[2025-12-21 20:29:13] INFO     |    'Transfer Learning from Speech Recognition to Text-to-Speech Synthesis'
[2025-12-21 20:29:13] INFO     |    'Using Self-Supervised Representations'
[2025-12-21 20:29:13] INFO     |    https://arxiv.org/abs/2203.15447
[2025-12-21 20:29:13] INFO     | 
[2025-12-21 20:29:13] INFO     | 🎯 Ключевые параметры из статьи:
[2025-12-21 20:29:13] INFO     |    • Модель wav2vec 2.0: facebook/wav2vec2-large-lv60
[2025-12-21 20:29:13] INFO     |    • Слой для признаков: block 15 (hidden representation of block 15)
[2025-12-21 20:29:13] INFO     |    • Количество кластеров: 128 (K=128)
[2025-12-21 20:29:13] INFO     |    • Объединение последовательных одинаковых индексов кластеров
[2025-12-21 20:29:13] INFO     | 
[2025-12-21 20:29:13] INFO     | ⚙️  Текущий режим: train_kmeans
[2025-12-21 20:29:13] INFO     | 📂 Директория аудио: H:\tts\fin\unlabelled_data_wav\fi
[2025-12-21 20:29:13] INFO     | 📂 Выходная директория: H:\tts\fin\outputs\full_kmeans
[2025-12-21 20:29:13] INFO     | ============================================================

[2025-12-21 20:29:13] INFO     | 💻 Используется устройство: cuda
[2025-12-21 20:29:13] INFO     | 📊 Доступно GPU памяти: 10.0 GB
[2025-12-21 20:29:13] INFO     | 📊 Доступно RAM: 25.8 GB
[2025-12-21 20:29:13] INFO     | ⚡ Автоматически подобран размер батча: 32
[2025-12-21 20:30:11] INFO     | 🔄 Загрузка модели C:\Users\Александр\Desktop\wav2vec2-large-lv60 на cuda...
[2025-12-21 20:30:22] INFO     | 🔍 Модель содержит 24 скрытых слоев
[2025-12-21 20:30:22] INFO     | ✅ Модель успешно загружена. Используется слой: 15
[2025-12-21 20:30:22] INFO     | 
============================================================
[2025-12-21 20:30:22] INFO     | 🎯 ЭТАП 1: ОБУЧЕНИЕ K-MEANS НА СКРЫТЫХ ПРЕДСТАВЛЕНИЯХ
[2025-12-21 20:30:22] INFO     | ============================================================
[2025-12-21 20:30:22] INFO     | 📌 Продолжение обучения с файла #216000
[2025-12-21 20:30:22] INFO     | 🚀 Запуск/продолжение обучения K-means...
[2025-12-21 20:30:22] INFO     | 🔄 Загрузка временного чекпоинта: H:\tts\fin\outputs\full_kmeans\kmeans_temp_checkpoint.joblib
[2025-12-21 20:30:22] INFO     | ✅ Временная модель K-means загружена.
[2025-12-21 20:30:22] INFO     | 📊 Продолжение обучения с загруженной модели.
[2025-12-21 20:30:22] INFO     | 🚀 Запуск/продолжение обучения...
[2025-12-21 20:30:22] INFO     |    • Начинаем с файла: 216000
[2025-12-21 20:30:22] INFO     |    • Всего файлов: 566541
[2025-12-21 20:32:18] INFO     | 📈 Прогресс: 216800/566541 файлов | 9955.7 признаков/сек
[2025-12-21 20:34:51] INFO     | 📈 Прогресс: 217600/566541 файлов | 8621.1 признаков/сек
[2025-12-21 20:37:14] INFO     | 📈 Прогресс: 218400/566541 файлов | 8446.5 признаков/сек
[2025-12-21 20:39:39] INFO     | 📈 Прогресс: 219200/566541 файлов | 8341.4 признаков/сек
[2025-12-21 20:42:01] INFO     | 💾 Чекпоинт (220000/566541 файлов)
[2025-12-21 20:42:01] INFO     | 📈 Прогресс: 220000/566541 файлов | 8297.5 признаков/сек
[2025-12-21 20:44:22] INFO     | 📈 Прогресс: 220800/566541 файлов | 8294.0 признаков/сек
[2025-12-21 20:46:31] INFO     | 📈 Прогресс: 221600/566541 файлов | 8365.9 признаков/сек
[2025-12-21 20:49:03] INFO     | 📈 Прогресс: 222400/566541 файлов | 8258.3 признаков/сек
[2025-12-21 20:52:58] INFO     | 📈 Прогресс: 223200/566541 файлов | 7678.5 признаков/сек
[2025-12-21 20:57:17] INFO     | 💾 Чекпоинт (224000/566541 файлов)
[2025-12-21 20:57:17] INFO     | 📈 Прогресс: 224000/566541 файлов | 7161.9 признаков/сек
[2025-12-21 21:01:13] INFO     | 📈 Прогресс: 224800/566541 файлов | 6854.7 признаков/сек
[2025-12-21 21:04:55] INFO     | 📈 Прогресс: 225600/566541 файлов | 6665.8 признаков/сек
[2025-12-21 21:08:14] INFO     | 📈 Прогресс: 226400/566541 файлов | 6592.7 признаков/сек
[2025-12-21 21:11:38] INFO     | 📈 Прогресс: 227200/566541 файлов | 6517.8 признаков/сек
[2025-12-21 21:14:50] INFO     | 💾 Чекпоинт (228000/566541 файлов)
[2025-12-21 21:14:50] INFO     | 📈 Прогресс: 228000/566541 файлов | 6479.7 признаков/сек
[2025-12-21 21:18:17] INFO     | 📈 Прогресс: 228800/566541 файлов | 6405.7 признаков/сек
[2025-12-21 21:21:48] INFO     | 📈 Прогресс: 229600/566541 файлов | 6342.9 признаков/сек
[2025-12-21 21:25:17] INFO     | 📈 Прогресс: 230400/566541 файлов | 6284.6 признаков/сек
[2025-12-21 21:28:38] INFO     | 📈 Прогресс: 231200/566541 файлов | 6253.9 признаков/сек
[2025-12-21 21:32:02] INFO     | 💾 Чекпоинт (232000/566541 файлов)
[2025-12-21 21:32:02] INFO     | 📈 Прогресс: 232000/566541 файлов | 6216.5 признаков/сек
[2025-12-21 21:34:09] INFO     | 📈 Прогресс: 232800/566541 файлов | 6307.0 признаков/сек
[2025-12-21 21:36:00] INFO     | 📈 Прогресс: 233600/566541 файлов | 6415.4 признаков/сек
[2025-12-21 21:37:53] INFO     | 📈 Прогресс: 234400/566541 файлов | 6518.9 признаков/сек
[2025-12-21 21:39:49] INFO     | 📈 Прогресс: 235200/566541 файлов | 6615.5 признаков/сек
[2025-12-21 21:41:44] INFO     | 💾 Чекпоинт (236000/566541 файлов)
[2025-12-21 21:41:44] INFO     | 📈 Прогресс: 236000/566541 файлов | 6703.8 признаков/сек
[2025-12-21 21:43:37] INFO     | 📈 Прогресс: 236800/566541 файлов | 6789.6 признаков/сек
[2025-12-21 21:44:45] WARNING  | 
🛑 Обучение прервано пользователем!
[2025-12-21 21:44:45] INFO     | 💾 Сохранение промежуточного результата...
[2025-12-21 21:44:45] INFO     | ✅ Промежуточный результат сохранен: H:\tts\fin\outputs\full_kmeans\kmeans_temp_checkpoint.joblib
[2025-12-21 21:44:45] INFO     | 📌 Чтобы продолжить, запустите скрипт снова БЕЗ --force_retrain
[2025-12-21 21:44:45] INFO     | 
============================================================
[2025-12-21 21:44:45] INFO     | 🛑 ПРОГРАММА ПРЕРВАНА ПОЛЬЗОВАТЕЛЕМ
[2025-12-21 21:44:45] INFO     | ============================================================
[2025-12-21 21:44:45] INFO     | ✅ Все промежуточные результаты сохранены
[2025-12-21 21:44:45] INFO     | ✅ При повторном запуске обработка продолжится с последней точки
[2025-12-21 21:44:45] INFO     | ============================================================
[2025-12-22 07:17:22] INFO     | 
============================================================
[2025-12-22 07:17:22] INFO     | 📚 PSEUDO-PHONEME EXTRACTOR FOR TRANSFER LEARNING TTS
[2025-12-22 07:17:22] INFO     | ============================================================
[2025-12-22 07:17:22] INFO     | 📄 Основано на статье:
[2025-12-22 07:17:22] INFO     |    'Transfer Learning from Speech Recognition to Text-to-Speech Synthesis'
[2025-12-22 07:17:22] INFO     |    'Using Self-Supervised Representations'
[2025-12-22 07:17:22] INFO     |    https://arxiv.org/abs/2203.15447
[2025-12-22 07:17:22] INFO     | 
[2025-12-22 07:17:22] INFO     | 🎯 Ключевые параметры из статьи:
[2025-12-22 07:17:22] INFO     |    • Модель wav2vec 2.0: facebook/wav2vec2-large-lv60
[2025-12-22 07:17:22] INFO     |    • Слой для признаков: block 15 (hidden representation of block 15)
[2025-12-22 07:17:22] INFO     |    • Количество кластеров: 128 (K=128)
[2025-12-22 07:17:22] INFO     |    • Объединение последовательных одинаковых индексов кластеров
[2025-12-22 07:17:22] INFO     | 
[2025-12-22 07:17:22] INFO     | ⚙️  Текущий режим: train_kmeans
[2025-12-22 07:17:22] INFO     | 📂 Директория аудио: H:\tts\fin\unlabelled_data_wav\fi
[2025-12-22 07:17:22] INFO     | 📂 Выходная директория: H:\tts\fin\outputs\full_kmeans
[2025-12-22 07:17:22] INFO     | ============================================================

[2025-12-22 07:17:22] INFO     | 💻 Используется устройство: cuda
[2025-12-22 07:17:22] INFO     | 📊 Доступно GPU памяти: 10.0 GB
[2025-12-22 07:17:22] INFO     | 📊 Доступно RAM: 25.5 GB
[2025-12-22 07:17:22] INFO     | ⚡ Автоматически подобран размер батча: 32
[2025-12-22 07:18:53] INFO     | 🔄 Загрузка модели C:\Users\Александр\Desktop\wav2vec2-large-lv60 на cuda...
[2025-12-22 07:19:08] INFO     | 🔍 Модель содержит 24 скрытых слоев
[2025-12-22 07:19:08] INFO     | ✅ Модель успешно загружена. Используется слой: 15
[2025-12-22 07:19:08] INFO     | 
============================================================
[2025-12-22 07:19:08] INFO     | 🎯 ЭТАП 1: ОБУЧЕНИЕ K-MEANS НА СКРЫТЫХ ПРЕДСТАВЛЕНИЯХ
[2025-12-22 07:19:08] INFO     | ============================================================
[2025-12-22 07:19:08] INFO     | 📌 Продолжение обучения с файла #236800
[2025-12-22 07:19:08] INFO     | 🚀 Запуск/продолжение обучения K-means...
[2025-12-22 07:19:08] INFO     | 🔄 Загрузка временного чекпоинта: H:\tts\fin\outputs\full_kmeans\kmeans_temp_checkpoint.joblib
[2025-12-22 07:19:08] INFO     | ✅ Временная модель K-means загружена.
[2025-12-22 07:19:08] INFO     | 📊 Продолжение обучения с загруженной модели.
[2025-12-22 07:19:08] INFO     | 🚀 Запуск/продолжение обучения...
[2025-12-22 07:19:08] INFO     |    • Начинаем с файла: 236800
[2025-12-22 07:19:08] INFO     |    • Всего файлов: 566541
[2025-12-22 07:21:22] INFO     | 📈 Прогресс: 237600/566541 файлов | 8242.7 признаков/сек
[2025-12-22 07:23:27] INFO     | 📈 Прогресс: 238400/566541 файлов | 8687.7 признаков/сек
[2025-12-22 07:25:50] INFO     | 📈 Прогресс: 239200/566541 файлов | 8454.6 признаков/сек
[2025-12-22 07:28:32] INFO     | 💾 Чекпоинт (240000/566541 файлов)
[2025-12-22 07:28:32] INFO     | 📈 Прогресс: 240000/566541 файлов | 8049.9 признаков/сек
[2025-12-22 07:30:56] INFO     | 📈 Прогресс: 240800/566541 файлов | 8032.9 признаков/сек
[2025-12-22 07:33:19] INFO     | 📈 Прогресс: 241600/566541 файлов | 8025.3 признаков/сек
[2025-12-22 07:35:38] INFO     | 📈 Прогресс: 242400/566541 файлов | 8068.3 признаков/сек
[2025-12-22 07:37:58] INFO     | 📈 Прогресс: 243200/566541 файлов | 8091.1 признаков/сек
[2025-12-22 07:40:22] INFO     | 💾 Чекпоинт (244000/566541 файлов)
[2025-12-22 07:40:22] INFO     | 📈 Прогресс: 244000/566541 файлов | 8085.1 признаков/сек
[2025-12-22 07:42:38] INFO     | 📈 Прогресс: 244800/566541 файлов | 8116.5 признаков/сек
[2025-12-22 07:45:33] INFO     | 📈 Прогресс: 245600/566541 файлов | 7945.4 признаков/сек
[2025-12-22 07:49:36] INFO     | 📈 Прогресс: 246400/566541 файлов | 7509.7 признаков/сек
[2025-12-22 07:52:57] INFO     | 📈 Прогресс: 247200/566541 файлов | 7326.7 признаков/сек
[2025-12-22 07:56:25] INFO     | 💾 Чекпоинт (248000/566541 файлов)
[2025-12-22 07:56:25] INFO     | 📈 Прогресс: 248000/566541 файлов | 7154.2 признаков/сек
[2025-12-22 07:59:44] INFO     | 📈 Прогресс: 248800/566541 файлов | 7032.1 признаков/сек
[2025-12-22 08:03:13] INFO     | 📈 Прогресс: 249600/566541 файлов | 6913.3 признаков/сек
[2025-12-22 08:06:33] INFO     | 📈 Прогресс: 250400/566541 файлов | 6826.6 признаков/сек
[2025-12-22 08:09:51] INFO     | 📈 Прогресс: 251200/566541 файлов | 6755.3 признаков/сек
[2025-12-22 08:13:13] INFO     | 💾 Чекпоинт (252000/566541 файлов)
[2025-12-22 08:13:13] INFO     | 📈 Прогресс: 252000/566541 файлов | 6685.2 признаков/сек
[2025-12-22 08:16:27] INFO     | 📈 Прогресс: 252800/566541 файлов | 6642.4 признаков/сек
[2025-12-22 08:19:45] INFO     | 📈 Прогресс: 253600/566541 файлов | 6595.5 признаков/сек
[2025-12-22 08:22:57] INFO     | 📈 Прогресс: 254400/566541 файлов | 6561.9 признаков/сек
[2025-12-22 08:25:12] INFO     | 📈 Прогресс: 255200/566541 файлов | 6628.9 признаков/сек
[2025-12-22 08:27:04] INFO     | 💾 Чекпоинт (256000/566541 файлов)
[2025-12-22 08:27:04] INFO     | 📈 Прогресс: 256000/566541 файлов | 6725.0 признаков/сек
[2025-12-22 08:28:57] INFO     | 📈 Прогресс: 256800/566541 файлов | 6817.6 признаков/сек
[2025-12-22 08:30:50] INFO     | 📈 Прогресс: 257600/566541 файлов | 6905.3 признаков/сек
[2025-12-22 08:32:45] INFO     | 📈 Прогресс: 258400/566541 файлов | 6985.6 признаков/сек
[2025-12-22 08:34:35] INFO     | 📈 Прогресс: 259200/566541 файлов | 7061.4 признаков/сек
[2025-12-22 08:36:29] INFO     | 💾 Чекпоинт (260000/566541 файлов)
[2025-12-22 08:36:29] INFO     | 📈 Прогресс: 260000/566541 файлов | 7136.8 признаков/сек
[2025-12-22 08:38:23] INFO     | 📈 Прогресс: 260800/566541 файлов | 7207.6 признаков/сек
[2025-12-22 08:40:15] INFO     | 📈 Прогресс: 261600/566541 файлов | 7274.3 признаков/сек
[2025-12-22 08:42:07] INFO     | 📈 Прогресс: 262400/566541 файлов | 7338.3 признаков/сек
[2025-12-22 08:44:04] INFO     | 📈 Прогресс: 263200/566541 файлов | 7396.9 признаков/сек
[2025-12-22 08:45:57] INFO     | 💾 Чекпоинт (264000/566541 файлов)
[2025-12-22 08:45:57] INFO     | 📈 Прогресс: 264000/566541 файлов | 7456.0 признаков/сек
[2025-12-22 08:47:51] INFO     | 📈 Прогресс: 264800/566541 файлов | 7513.2 признаков/сек
[2025-12-22 08:49:48] INFO     | 📈 Прогресс: 265600/566541 файлов | 7568.2 признаков/сек
[2025-12-22 08:51:41] INFO     | 📈 Прогресс: 266400/566541 файлов | 7619.6 признаков/сек
[2025-12-22 08:53:40] INFO     | 📈 Прогресс: 267200/566541 файлов | 7664.0 признаков/сек
[2025-12-22 08:55:32] INFO     | 💾 Чекпоинт (268000/566541 файлов)
[2025-12-22 08:55:32] INFO     | 📈 Прогресс: 268000/566541 файлов | 7712.0 признаков/сек
[2025-12-22 08:57:23] INFO     | 📈 Прогресс: 268800/566541 файлов | 7758.4 признаков/сек
[2025-12-22 08:59:15] INFO     | 📈 Прогресс: 269600/566541 файлов | 7803.3 признаков/сек
[2025-12-22 09:01:06] INFO     | 📈 Прогресс: 270400/566541 файлов | 7845.1 признаков/сек
[2025-12-22 09:02:58] INFO     | 📈 Прогресс: 271200/566541 файлов | 7885.8 признаков/сек
[2025-12-22 09:04:49] INFO     | 💾 Чекпоинт (272000/566541 файлов)
[2025-12-22 09:04:49] INFO     | 📈 Прогресс: 272000/566541 файлов | 7924.5 признаков/сек
[2025-12-22 09:06:44] INFO     | 📈 Прогресс: 272800/566541 файлов | 7963.0 признаков/сек
[2025-12-22 09:08:39] INFO     | 📈 Прогресс: 273600/566541 файлов | 7999.1 признаков/сек
[2025-12-22 09:10:30] INFO     | 📈 Прогресс: 274400/566541 файлов | 8034.7 признаков/сек
[2025-12-22 09:12:39] INFO     | 📈 Прогресс: 275200/566541 файлов | 8053.7 признаков/сек
[2025-12-22 09:14:36] INFO     | 💾 Чекпоинт (276000/566541 файлов)
[2025-12-22 09:14:36] INFO     | 📈 Прогресс: 276000/566541 файлов | 8086.4 признаков/сек
[2025-12-22 09:16:36] INFO     | 📈 Прогресс: 276800/566541 файлов | 8112.8 признаков/сек
[2025-12-22 09:18:33] INFO     | 📈 Прогресс: 277600/566541 файлов | 8144.0 признаков/сек
[2025-12-22 09:20:40] INFO     | 📈 Прогресс: 278400/566541 файлов | 8161.9 признаков/сек
[2025-12-22 09:22:48] INFO     | 📈 Прогресс: 279200/566541 файлов | 8177.3 признаков/сек
[2025-12-22 09:24:48] INFO     | 💾 Чекпоинт (280000/566541 файлов)
[2025-12-22 09:24:48] INFO     | 📈 Прогресс: 280000/566541 файлов | 8204.7 признаков/сек
[2025-12-22 09:26:45] INFO     | 📈 Прогресс: 280800/566541 файлов | 8232.3 признаков/сек
[2025-12-22 09:28:46] INFO     | 📈 Прогресс: 281600/566541 файлов | 8256.3 признаков/сек
[2025-12-22 09:30:44] INFO     | 📈 Прогресс: 282400/566541 файлов | 8282.2 признаков/сек
[2025-12-22 09:32:51] INFO     | 📈 Прогресс: 283200/566541 файлов | 8295.3 признаков/сек
[2025-12-22 09:34:58] INFO     | 💾 Чекпоинт (284000/566541 файлов)
[2025-12-22 09:34:58] INFO     | 📈 Прогресс: 284000/566541 файлов | 8310.9 признаков/сек
[2025-12-22 09:36:55] INFO     | 📈 Прогресс: 284800/566541 файлов | 8332.3 признаков/сек
[2025-12-22 09:39:48] INFO     | 📈 Прогресс: 285600/566541 файлов | 8297.3 признаков/сек
[2025-12-22 09:42:22] INFO     | 📈 Прогресс: 286400/566541 файлов | 8282.3 признаков/сек
[2025-12-22 09:44:44] INFO     | 📈 Прогресс: 287200/566541 файлов | 8280.3 признаков/сек
[2025-12-22 09:47:04] INFO     | 💾 Чекпоинт (288000/566541 файлов)
[2025-12-22 09:47:04] INFO     | 📈 Прогресс: 288000/566541 файлов | 8278.2 признаков/сек
[2025-12-22 09:49:26] INFO     | 📈 Прогресс: 288800/566541 файлов | 8274.8 признаков/сек
[2025-12-22 09:51:20] INFO     | 📈 Прогресс: 289600/566541 файлов | 8296.3 признаков/сек
[2025-12-22 09:53:37] INFO     | 📈 Прогресс: 290400/566541 файлов | 8299.2 признаков/сек
[2025-12-22 09:55:57] INFO     | 📈 Прогресс: 291200/566541 файлов | 8298.3 признаков/сек
[2025-12-22 09:58:20] INFO     | 💾 Чекпоинт (292000/566541 файлов)
[2025-12-22 09:58:20] INFO     | 📈 Прогресс: 292000/566541 файлов | 8294.0 признаков/сек
[2025-12-22 10:00:38] INFO     | 📈 Прогресс: 292800/566541 файлов | 8294.1 признаков/сек
[2025-12-22 10:04:08] INFO     | 📈 Прогресс: 293600/566541 файлов | 8234.3 признаков/сек
[2025-12-22 10:06:12] INFO     | 📈 Прогресс: 294400/566541 файлов | 8245.0 признаков/сек
[2025-12-22 10:08:08] INFO     | 📈 Прогресс: 295200/566541 файлов | 8263.5 признаков/сек
[2025-12-22 10:10:15] INFO     | 💾 Чекпоинт (296000/566541 файлов)
[2025-12-22 10:10:15] INFO     | 📈 Прогресс: 296000/566541 файлов | 8272.2 признаков/сек
[2025-12-22 10:12:49] INFO     | 📈 Прогресс: 296800/566541 файлов | 8259.9 признаков/сек
[2025-12-22 10:14:52] INFO     | 📈 Прогресс: 297600/566541 файлов | 8272.8 признаков/сек
[2025-12-22 10:17:07] INFO     | 📈 Прогресс: 298400/566541 файлов | 8278.1 признаков/сек
[2025-12-22 10:19:32] INFO     | 📈 Прогресс: 299200/566541 файлов | 8274.3 признаков/сек
[2025-12-22 10:21:53] INFO     | 💾 Чекпоинт (300000/566541 файлов)
[2025-12-22 10:21:53] INFO     | 📈 Прогресс: 300000/566541 файлов | 8272.9 признаков/сек
[2025-12-22 10:23:49] INFO     | 📈 Прогресс: 300800/566541 файлов | 8288.7 признаков/сек
[2025-12-22 10:26:09] INFO     | 📈 Прогресс: 301600/566541 файлов | 8288.4 признаков/сек
[2025-12-22 10:28:37] INFO     | 📈 Прогресс: 302400/566541 файлов | 8282.3 признаков/сек
[2025-12-22 10:30:57] INFO     | 📈 Прогресс: 303200/566541 файлов | 8279.8 признаков/сек
[2025-12-22 10:33:16] INFO     | 💾 Чекпоинт (304000/566541 файлов)
[2025-12-22 10:33:16] INFO     | 📈 Прогресс: 304000/566541 файлов | 8278.3 признаков/сек
[2025-12-22 10:35:22] INFO     | 📈 Прогресс: 304800/566541 файлов | 8286.7 признаков/сек
[2025-12-22 10:37:31] INFO     | 📈 Прогресс: 305600/566541 файлов | 8293.1 признаков/сек
[2025-12-22 10:39:57] INFO     | 📈 Прогресс: 306400/566541 файлов | 8287.7 признаков/сек
[2025-12-22 10:42:13] INFO     | 📈 Прогресс: 307200/566541 файлов | 8288.3 признаков/сек
[2025-12-22 10:44:29] INFO     | 💾 Чекпоинт (308000/566541 файлов)
[2025-12-22 10:44:29] INFO     | 📈 Прогресс: 308000/566541 файлов | 8288.0 признаков/сек
[2025-12-22 10:46:51] INFO     | 📈 Прогресс: 308800/566541 файлов | 8286.0 признаков/сек
[2025-12-22 10:49:12] INFO     | 📈 Прогресс: 309600/566541 файлов | 8285.6 признаков/сек
[2025-12-22 10:51:22] INFO     | 📈 Прогресс: 310400/566541 файлов | 8292.6 признаков/сек
[2025-12-22 10:53:25] INFO     | 📈 Прогресс: 311200/566541 файлов | 8302.9 признаков/сек
[2025-12-22 10:55:25] INFO     | 💾 Чекпоинт (312000/566541 файлов)
[2025-12-22 10:55:25] INFO     | 📈 Прогресс: 312000/566541 файлов | 8312.2 признаков/сек
[2025-12-22 10:57:32] INFO     | 📈 Прогресс: 312800/566541 файлов | 8319.5 признаков/сек
[2025-12-22 11:00:02] INFO     | 📈 Прогресс: 313600/566541 файлов | 8311.9 признаков/сек
[2025-12-22 11:02:40] INFO     | 📈 Прогресс: 314400/566541 файлов | 8299.3 признаков/сек
[2025-12-22 11:05:09] INFO     | 📈 Прогресс: 315200/566541 файлов | 8292.0 признаков/сек
[2025-12-22 11:07:42] INFO     | 💾 Чекпоинт (316000/566541 файлов)
[2025-12-22 11:07:42] INFO     | 📈 Прогресс: 316000/566541 файлов | 8283.7 признаков/сек
[2025-12-22 11:09:44] INFO     | 📈 Прогресс: 316800/566541 файлов | 8291.9 признаков/сек
[2025-12-22 11:11:48] INFO     | 📈 Прогресс: 317600/566541 файлов | 8299.4 признаков/сек
[2025-12-22 11:13:53] INFO     | 📈 Прогресс: 318400/566541 файлов | 8307.6 признаков/сек
[2025-12-22 11:16:00] INFO     | 📈 Прогресс: 319200/566541 файлов | 8314.2 признаков/сек
[2025-12-22 11:18:19] INFO     | 💾 Чекпоинт (320000/566541 файлов)
[2025-12-22 11:18:19] INFO     | 📈 Прогресс: 320000/566541 файлов | 8311.6 признаков/сек
[2025-12-22 11:20:40] INFO     | 📈 Прогресс: 320800/566541 файлов | 8308.8 признаков/сек
[2025-12-22 11:23:05] INFO     | 📈 Прогресс: 321600/566541 файлов | 8305.1 признаков/сек
[2025-12-22 11:25:15] INFO     | 📈 Прогресс: 322400/566541 файлов | 8311.5 признаков/сек
[2025-12-22 11:27:36] INFO     | 📈 Прогресс: 323200/566541 файлов | 8311.2 признаков/сек
[2025-12-22 11:29:54] INFO     | 💾 Чекпоинт (324000/566541 файлов)
[2025-12-22 11:29:54] INFO     | 📈 Прогресс: 324000/566541 файлов | 8312.7 признаков/сек
[2025-12-22 11:32:03] INFO     | 📈 Прогресс: 324800/566541 файлов | 8318.4 признаков/сек
[2025-12-22 11:34:32] INFO     | 📈 Прогресс: 325600/566541 файлов | 8311.1 признаков/сек
[2025-12-22 11:37:02] INFO     | 📈 Прогресс: 326400/566541 файлов | 8303.8 признаков/сек
[2025-12-22 11:39:38] INFO     | 📈 Прогресс: 327200/566541 файлов | 8294.3 признаков/сек
[2025-12-22 11:41:40] INFO     | 💾 Чекпоинт (328000/566541 файлов)
[2025-12-22 11:41:40] INFO     | 📈 Прогресс: 328000/566541 файлов | 8302.9 признаков/сек
[2025-12-22 11:44:09] INFO     | 📈 Прогресс: 328800/566541 файлов | 8296.2 признаков/сек
[2025-12-22 11:46:34] INFO     | 📈 Прогресс: 329600/566541 файлов | 8293.2 признаков/сек
[2025-12-22 11:48:58] INFO     | 📈 Прогресс: 330400/566541 файлов | 8288.9 признаков/сек
[2025-12-22 11:51:27] INFO     | 📈 Прогресс: 331200/566541 файлов | 8280.9 признаков/сек
[2025-12-22 11:53:50] INFO     | 💾 Чекпоинт (332000/566541 файлов)
[2025-12-22 11:53:50] INFO     | 📈 Прогресс: 332000/566541 файлов | 8278.5 признаков/сек
[2025-12-22 11:56:10] INFO     | 📈 Прогресс: 332800/566541 файлов | 8278.7 признаков/сек
[2025-12-22 11:58:23] INFO     | 📈 Прогресс: 333600/566541 файлов | 8281.7 признаков/сек
[2025-12-22 12:00:23] INFO     | 📈 Прогресс: 334400/566541 файлов | 8291.5 признаков/сек
[2025-12-22 12:03:19] INFO     | 📈 Прогресс: 335200/566541 файлов | 8272.6 признаков/сек
[2025-12-22 12:05:51] INFO     | 💾 Чекпоинт (336000/566541 файлов)
[2025-12-22 12:05:51] INFO     | 📈 Прогресс: 336000/566541 файлов | 8265.9 признаков/сек
[2025-12-22 12:08:57] INFO     | 📈 Прогресс: 336800/566541 файлов | 8241.8 признаков/сек
[2025-12-22 12:11:18] INFO     | 📈 Прогресс: 337600/566541 файлов | 8241.1 признаков/сек
[2025-12-22 12:13:16] INFO     | 📈 Прогресс: 338400/566541 файлов | 8251.0 признаков/сек
[2025-12-22 12:15:43] INFO     | 📈 Прогресс: 339200/566541 файлов | 8246.5 признаков/сек
[2025-12-22 12:18:12] INFO     | 💾 Чекпоинт (340000/566541 файлов)
[2025-12-22 12:18:12] INFO     | 📈 Прогресс: 340000/566541 файлов | 8242.2 признаков/сек
[2025-12-22 12:20:36] INFO     | 📈 Прогресс: 340800/566541 файлов | 8237.4 признаков/сек
[2025-12-22 12:23:03] INFO     | 📈 Прогресс: 341600/566541 файлов | 8233.2 признаков/сек
[2025-12-22 12:25:54] INFO     | 📈 Прогресс: 342400/566541 файлов | 8217.0 признаков/сек
[2025-12-22 12:28:41] INFO     | 📈 Прогресс: 343200/566541 файлов | 8205.3 признаков/сек
[2025-12-22 12:30:39] INFO     | 💾 Чекпоинт (344000/566541 файлов)
[2025-12-22 12:30:39] INFO     | 📈 Прогресс: 344000/566541 файлов | 8215.7 признаков/сек
[2025-12-22 12:33:25] INFO     | 📈 Прогресс: 344800/566541 файлов | 8204.1 признаков/сек
[2025-12-22 12:35:28] INFO     | 📈 Прогресс: 345600/566541 файлов | 8211.4 признаков/сек
[2025-12-22 12:37:29] INFO     | 📈 Прогресс: 346400/566541 файлов | 8217.1 признаков/сек
[2025-12-22 12:39:48] INFO     | 📈 Прогресс: 347200/566541 файлов | 8216.7 признаков/сек
[2025-12-22 12:42:13] INFO     | 💾 Чекпоинт (348000/566541 файлов)
[2025-12-22 12:42:13] INFO     | 📈 Прогресс: 348000/566541 файлов | 8215.3 признаков/сек
[2025-12-22 12:44:36] INFO     | 📈 Прогресс: 348800/566541 файлов | 8214.4 признаков/сек
[2025-12-22 12:46:56] INFO     | 📈 Прогресс: 349600/566541 файлов | 8214.6 признаков/сек
[2025-12-22 12:49:16] INFO     | 📈 Прогресс: 350400/566541 файлов | 8214.2 признаков/сек
[2025-12-22 12:51:47] INFO     | 📈 Прогресс: 351200/566541 файлов | 8207.7 признаков/сек
[2025-12-22 12:53:43] INFO     | 💾 Чекпоинт (352000/566541 файлов)
[2025-12-22 12:53:43] INFO     | 📈 Прогресс: 352000/566541 файлов | 8218.4 признаков/сек
[2025-12-22 12:55:38] INFO     | 📈 Прогресс: 352800/566541 файлов | 8228.7 признаков/сек
[2025-12-22 12:57:34] INFO     | 📈 Прогресс: 353600/566541 файлов | 8238.2 признаков/сек
[2025-12-22 12:59:28] INFO     | 📈 Прогресс: 354400/566541 файлов | 8248.6 признаков/сек
[2025-12-22 13:01:22] INFO     | 📈 Прогресс: 355200/566541 файлов | 8258.8 признаков/сек
[2025-12-22 13:03:37] INFO     | 💾 Чекпоинт (356000/566541 файлов)
[2025-12-22 13:03:37] INFO     | 📈 Прогресс: 356000/566541 файлов | 8260.2 признаков/сек
[2025-12-22 13:05:51] INFO     | 📈 Прогресс: 356800/566541 файлов | 8262.4 признаков/сек
[2025-12-22 13:08:07] INFO     | 📈 Прогресс: 357600/566541 файлов | 8264.4 признаков/сек
[2025-12-22 13:10:23] INFO     | 📈 Прогресс: 358400/566541 файлов | 8265.9 признаков/сек
[2025-12-22 13:12:43] INFO     | 📈 Прогресс: 359200/566541 файлов | 8266.4 признаков/сек
[2025-12-22 13:14:57] INFO     | 💾 Чекпоинт (360000/566541 файлов)
[2025-12-22 13:14:57] INFO     | 📈 Прогресс: 360000/566541 файлов | 8266.8 признаков/сек
[2025-12-22 13:17:45] INFO     | 📈 Прогресс: 360800/566541 файлов | 8254.6 признаков/сек
[2025-12-22 13:21:04] INFO     | 📈 Прогресс: 361600/566541 файлов | 8230.5 признаков/сек
[2025-12-22 13:24:38] INFO     | 📈 Прогресс: 362400/566541 файлов | 8202.7 признаков/сек
[2025-12-22 13:27:06] INFO     | 📈 Прогресс: 363200/566541 файлов | 8199.1 признаков/сек
[2025-12-22 13:29:06] INFO     | 💾 Чекпоинт (364000/566541 файлов)
[2025-12-22 13:29:06] INFO     | 📈 Прогресс: 364000/566541 файлов | 8205.9 признаков/сек
[2025-12-22 13:31:40] INFO     | 📈 Прогресс: 364800/566541 файлов | 8200.5 признаков/сек
[2025-12-22 13:33:52] INFO     | 📈 Прогресс: 365600/566541 файлов | 8202.5 признаков/сек
[2025-12-22 13:36:09] INFO     | 📈 Прогресс: 366400/566541 файлов | 8203.8 признаков/сек
[2025-12-22 13:38:14] INFO     | 📈 Прогресс: 367200/566541 файлов | 8209.1 признаков/сек
[2025-12-22 13:40:21] INFO     | 💾 Чекпоинт (368000/566541 файлов)
[2025-12-22 13:40:21] INFO     | 📈 Прогресс: 368000/566541 файлов | 8213.8 признаков/сек
[2025-12-22 13:43:02] INFO     | 📈 Прогресс: 368800/566541 файлов | 8205.4 признаков/сек
[2025-12-22 13:45:20] INFO     | 📈 Прогресс: 369600/566541 файлов | 8206.0 признаков/сек
[2025-12-22 13:47:40] INFO     | 📈 Прогресс: 370400/566541 файлов | 8205.6 признаков/сек
[2025-12-22 13:49:54] INFO     | 📈 Прогресс: 371200/566541 файлов | 8204.7 признаков/сек
[2025-12-22 13:52:02] INFO     | 💾 Чекпоинт (372000/566541 файлов)
[2025-12-22 13:52:02] INFO     | 📈 Прогресс: 372000/566541 файлов | 8206.2 признаков/сек
[2025-12-22 13:54:56] INFO     | 📈 Прогресс: 372800/566541 файлов | 8193.6 признаков/сек
[2025-12-22 13:58:29] INFO     | 📈 Прогресс: 373600/566541 файлов | 8168.9 признаков/сек
[2025-12-22 14:02:09] INFO     | 📈 Прогресс: 374400/566541 файлов | 8142.2 признаков/сек
[2025-12-22 14:05:37] INFO     | 📈 Прогресс: 375200/566541 файлов | 8120.0 признаков/сек
[2025-12-22 14:08:58] INFO     | 💾 Чекпоинт (376000/566541 файлов)
[2025-12-22 14:08:58] INFO     | 📈 Прогресс: 376000/566541 файлов | 8098.8 признаков/сек
[2025-12-22 14:10:51] INFO     | 📈 Прогресс: 376800/566541 файлов | 8107.1 признаков/сек
[2025-12-22 14:12:41] INFO     | 📈 Прогресс: 377600/566541 файлов | 8116.0 признаков/сек
[2025-12-22 14:15:02] INFO     | 📈 Прогресс: 378400/566541 файлов | 8116.4 признаков/сек
[2025-12-22 14:17:27] INFO     | 📈 Прогресс: 379200/566541 файлов | 8116.0 признаков/сек
[2025-12-22 14:19:35] INFO     | 💾 Чекпоинт (380000/566541 файлов)
[2025-12-22 14:19:35] INFO     | 📈 Прогресс: 380000/566541 файлов | 8120.0 признаков/сек
[2025-12-22 14:21:30] INFO     | 📈 Прогресс: 380800/566541 файлов | 8129.0 признаков/сек
[2025-12-22 14:23:21] INFO     | 📈 Прогресс: 381600/566541 файлов | 8137.8 признаков/сек
[2025-12-22 14:25:30] INFO     | 📈 Прогресс: 382400/566541 файлов | 8140.6 признаков/сек
[2025-12-22 14:27:44] INFO     | 📈 Прогресс: 383200/566541 файлов | 8141.9 признаков/сек
[2025-12-22 14:29:56] INFO     | 💾 Чекпоинт (384000/566541 файлов)
[2025-12-22 14:29:56] INFO     | 📈 Прогресс: 384000/566541 файлов | 8144.3 признаков/сек
[2025-12-22 14:32:10] INFO     | 📈 Прогресс: 384800/566541 файлов | 8147.1 признаков/сек
[2025-12-22 14:34:21] INFO     | 📈 Прогресс: 385600/566541 файлов | 8150.1 признаков/сек
[2025-12-22 14:36:32] INFO     | 📈 Прогресс: 386400/566541 файлов | 8153.8 признаков/сек
[2025-12-22 14:40:04] INFO     | 📈 Прогресс: 387200/566541 файлов | 8131.0 признаков/сек
[2025-12-22 14:43:30] INFO     | 💾 Чекпоинт (388000/566541 файлов)
[2025-12-22 14:43:30] INFO     | 📈 Прогресс: 388000/566541 файлов | 8110.0 признаков/сек
[2025-12-22 14:47:08] INFO     | 📈 Прогресс: 388800/566541 файлов | 8087.2 признаков/сек
[2025-12-22 14:50:45] INFO     | 📈 Прогресс: 389600/566541 файлов | 8064.4 признаков/сек
[2025-12-22 14:52:58] INFO     | 📈 Прогресс: 390400/566541 файлов | 8066.9 признаков/сек
[2025-12-22 14:54:58] INFO     | 📈 Прогресс: 391200/566541 файлов | 8072.8 признаков/сек
[2025-12-22 14:56:55] INFO     | 💾 Чекпоинт (392000/566541 файлов)
[2025-12-22 14:56:55] INFO     | 📈 Прогресс: 392000/566541 файлов | 8079.4 признаков/сек
[2025-12-22 14:58:58] INFO     | 📈 Прогресс: 392800/566541 файлов | 8083.5 признаков/сек
[2025-12-22 15:01:26] INFO     | 📈 Прогресс: 393600/566541 файлов | 8081.2 признаков/сек
[2025-12-22 15:03:45] INFO     | 📈 Прогресс: 394400/566541 файлов | 8082.0 признаков/сек
[2025-12-22 15:06:05] INFO     | 📈 Прогресс: 395200/566541 файлов | 8082.5 признаков/сек
[2025-12-22 15:08:13] INFO     | 💾 Чекпоинт (396000/566541 файлов)
[2025-12-22 15:08:13] INFO     | 📈 Прогресс: 396000/566541 файлов | 8085.4 признаков/сек
[2025-12-22 15:10:12] INFO     | 📈 Прогресс: 396800/566541 файлов | 8091.3 признаков/сек
[2025-12-22 15:12:30] INFO     | 📈 Прогресс: 397600/566541 файлов | 8091.7 признаков/сек
[2025-12-22 15:14:48] INFO     | 📈 Прогресс: 398400/566541 файлов | 8091.7 признаков/сек
[2025-12-22 15:17:07] INFO     | 📈 Прогресс: 399200/566541 файлов | 8092.4 признаков/сек
[2025-12-22 15:19:23] INFO     | 💾 Чекпоинт (400000/566541 файлов)
[2025-12-22 15:19:23] INFO     | 📈 Прогресс: 400000/566541 файлов | 8093.9 признаков/сек
[2025-12-22 15:21:35] INFO     | 📈 Прогресс: 400800/566541 файлов | 8096.6 признаков/сек
[2025-12-22 15:24:46] INFO     | 📈 Прогресс: 401600/566541 файлов | 8082.2 признаков/сек
[2025-12-22 15:28:23] INFO     | 📈 Прогресс: 402400/566541 файлов | 8061.2 признаков/сек
[2025-12-22 15:31:59] INFO     | 📈 Прогресс: 403200/566541 файлов | 8041.0 признаков/сек
[2025-12-22 15:35:42] INFO     | 💾 Чекпоинт (404000/566541 файлов)
[2025-12-22 15:35:42] INFO     | 📈 Прогресс: 404000/566541 файлов | 8018.9 признаков/сек
[2025-12-22 15:39:10] INFO     | 📈 Прогресс: 404800/566541 файлов | 8000.6 признаков/сек
[2025-12-22 15:42:12] INFO     | 📈 Прогресс: 405600/566541 файлов | 7990.1 признаков/сек
[2025-12-22 15:45:06] INFO     | 📈 Прогресс: 406400/566541 файлов | 7982.0 признаков/сек
[2025-12-22 15:48:05] INFO     | 📈 Прогресс: 407200/566541 файлов | 7971.8 признаков/сек
[2025-12-22 15:51:19] INFO     | 💾 Чекпоинт (408000/566541 файлов)
[2025-12-22 15:51:19] INFO     | 📈 Прогресс: 408000/566541 файлов | 7957.8 признаков/сек
[2025-12-22 15:54:31] INFO     | 📈 Прогресс: 408800/566541 файлов | 7944.5 признаков/сек
[2025-12-22 15:58:40] INFO     | 📈 Прогресс: 409600/566541 файлов | 7916.0 признаков/сек
[2025-12-22 16:02:02] INFO     | 📈 Прогресс: 410400/566541 файлов | 7899.1 признаков/сек
[2025-12-22 16:04:13] INFO     | 📈 Прогресс: 411200/566541 файлов | 7901.9 признаков/сек
[2025-12-22 16:06:48] INFO     | 💾 Чекпоинт (412000/566541 файлов)
[2025-12-22 16:06:48] INFO     | 📈 Прогресс: 412000/566541 файлов | 7898.8 признаков/сек
[2025-12-22 16:09:13] INFO     | 📈 Прогресс: 412800/566541 файлов | 7898.2 признаков/сек
[2025-12-22 16:11:31] INFO     | 📈 Прогресс: 413600/566541 файлов | 7899.2 признаков/сек
[2025-12-22 16:13:56] INFO     | 📈 Прогресс: 414400/566541 файлов | 7898.5 признаков/сек
[2025-12-22 16:15:45] INFO     | 📈 Прогресс: 415200/566541 файлов | 7906.0 признаков/сек
[2025-12-22 16:17:52] INFO     | 💾 Чекпоинт (416000/566541 файлов)
[2025-12-22 16:17:52] INFO     | 📈 Прогресс: 416000/566541 файлов | 7910.5 признаков/сек
[2025-12-22 16:20:12] INFO     | 📈 Прогресс: 416800/566541 файлов | 7911.7 признаков/сек
[2025-12-22 16:22:39] INFO     | 📈 Прогресс: 417600/566541 файлов | 7910.4 признаков/сек
[2025-12-22 16:24:56] INFO     | 📈 Прогресс: 418400/566541 файлов | 7912.3 признаков/сек
[2025-12-22 16:26:51] INFO     | 📈 Прогресс: 419200/566541 файлов | 7918.5 признаков/сек
[2025-12-22 16:29:15] INFO     | 💾 Чекпоинт (420000/566541 файлов)
[2025-12-22 16:29:15] INFO     | 📈 Прогресс: 420000/566541 файлов | 7918.1 признаков/сек
[2025-12-22 16:31:07] INFO     | 📈 Прогресс: 420800/566541 файлов | 7925.7 признаков/сек
[2025-12-22 16:32:58] INFO     | 📈 Прогресс: 421600/566541 файлов | 7932.9 признаков/сек
[2025-12-22 16:34:51] INFO     | 📈 Прогресс: 422400/566541 файлов | 7940.4 признаков/сек
[2025-12-22 16:36:40] INFO     | 📈 Прогресс: 423200/566541 файлов | 7947.8 признаков/сек
[2025-12-22 16:38:31] INFO     | 💾 Чекпоинт (424000/566541 файлов)
[2025-12-22 16:38:31] INFO     | 📈 Прогресс: 424000/566541 файлов | 7954.9 признаков/сек
[2025-12-22 16:40:23] INFO     | 📈 Прогресс: 424800/566541 файлов | 7961.9 признаков/сек
[2025-12-22 16:42:45] INFO     | 📈 Прогресс: 425600/566541 файлов | 7962.2 признаков/сек
[2025-12-22 16:45:01] INFO     | 📈 Прогресс: 426400/566541 файлов | 7964.5 признаков/сек
[2025-12-22 16:47:12] INFO     | 📈 Прогресс: 427200/566541 файлов | 7967.3 признаков/сек
[2025-12-22 16:49:25] INFO     | 💾 Чекпоинт (428000/566541 файлов)
[2025-12-22 16:49:25] INFO     | 📈 Прогресс: 428000/566541 файлов | 7968.9 признаков/сек
[2025-12-22 16:51:45] INFO     | 📈 Прогресс: 428800/566541 файлов | 7969.3 признаков/сек
[2025-12-22 16:54:27] INFO     | 📈 Прогресс: 429600/566541 файлов | 7964.3 признаков/сек
[2025-12-22 16:56:20] INFO     | 📈 Прогресс: 430400/566541 файлов | 7971.1 признаков/сек
[2025-12-22 16:58:10] INFO     | 📈 Прогресс: 431200/566541 файлов | 7978.1 признаков/сек
[2025-12-22 17:00:35] INFO     | 💾 Чекпоинт (432000/566541 файлов)
[2025-12-22 17:00:35] INFO     | 📈 Прогресс: 432000/566541 файлов | 7977.3 признаков/сек
[2025-12-22 17:02:40] INFO     | 📈 Прогресс: 432800/566541 файлов | 7981.3 признаков/сек
[2025-12-22 17:04:35] INFO     | 📈 Прогресс: 433600/566541 файлов | 7986.4 признаков/сек
[2025-12-22 17:06:49] INFO     | 📈 Прогресс: 434400/566541 файлов | 7987.9 признаков/сек
[2025-12-22 17:09:08] INFO     | 📈 Прогресс: 435200/566541 файлов | 7988.0 признаков/сек
[2025-12-22 17:11:18] INFO     | 💾 Чекпоинт (436000/566541 файлов)
[2025-12-22 17:11:18] INFO     | 📈 Прогресс: 436000/566541 файлов | 7990.4 признаков/сек
[2025-12-22 17:13:25] INFO     | 📈 Прогресс: 436800/566541 файлов | 7994.3 признаков/сек
[2025-12-22 17:15:40] INFO     | 📈 Прогресс: 437600/566541 файлов | 7995.8 признаков/сек
[2025-12-22 17:17:56] INFO     | 📈 Прогресс: 438400/566541 файлов | 7997.2 признаков/сек
[2025-12-22 17:20:12] INFO     | 📈 Прогресс: 439200/566541 файлов | 7997.7 признаков/сек
[2025-12-22 17:22:23] INFO     | 💾 Чекпоинт (440000/566541 файлов)
[2025-12-22 17:22:23] INFO     | 📈 Прогресс: 440000/566541 файлов | 7999.0 признаков/сек
[2025-12-22 17:24:35] INFO     | 📈 Прогресс: 440800/566541 файлов | 8001.1 признаков/сек
[2025-12-22 17:27:52] INFO     | 📈 Прогресс: 441600/566541 файлов | 7989.0 признаков/сек
[2025-12-22 17:33:10] INFO     | 📈 Прогресс: 442400/566541 файлов | 7950.2 признаков/сек
[2025-12-22 17:36:57] INFO     | 📈 Прогресс: 443200/566541 файлов | 7932.6 признаков/сек
[2025-12-22 17:38:57] INFO     | 💾 Чекпоинт (444000/566541 файлов)
[2025-12-22 17:38:57] INFO     | 📈 Прогресс: 444000/566541 файлов | 7937.7 признаков/сек
[2025-12-22 17:41:26] INFO     | 📈 Прогресс: 444800/566541 файлов | 7936.7 признаков/сек
[2025-12-22 17:43:48] INFO     | 📈 Прогресс: 445600/566541 файлов | 7937.1 признаков/сек
[2025-12-22 17:46:10] INFO     | 📈 Прогресс: 446400/566541 файлов | 7937.3 признаков/сек
[2025-12-22 17:48:26] INFO     | 📈 Прогресс: 447200/566541 файлов | 7938.3 признаков/сек
[2025-12-22 17:50:40] INFO     | 💾 Чекпоинт (448000/566541 файлов)
[2025-12-22 17:50:40] INFO     | 📈 Прогресс: 448000/566541 файлов | 7939.8 признаков/сек
[2025-12-22 17:52:51] INFO     | 📈 Прогресс: 448800/566541 файлов | 7941.6 признаков/сек
[2025-12-22 17:55:54] INFO     | 📈 Прогресс: 449600/566541 файлов | 7933.6 признаков/сек
[2025-12-22 18:01:23] INFO     | 📈 Прогресс: 450400/566541 файлов | 7895.6 признаков/сек
[2025-12-22 18:07:08] INFO     | 📈 Прогресс: 451200/566541 файлов | 7854.5 признаков/сек
[2025-12-22 18:09:25] INFO     | 💾 Чекпоинт (452000/566541 файлов)
[2025-12-22 18:09:25] INFO     | 📈 Прогресс: 452000/566541 файлов | 7855.5 признаков/сек
[2025-12-22 18:11:15] INFO     | 📈 Прогресс: 452800/566541 файлов | 7861.6 признаков/сек
[2025-12-22 18:13:03] INFO     | 📈 Прогресс: 453600/566541 файлов | 7867.7 признаков/сек
[2025-12-22 18:14:56] INFO     | 📈 Прогресс: 454400/566541 файлов | 7874.2 признаков/сек
[2025-12-22 18:16:48] INFO     | 📈 Прогресс: 455200/566541 файлов | 7880.4 признаков/сек
[2025-12-22 18:19:08] INFO     | 💾 Чекпоинт (456000/566541 файлов)
[2025-12-22 18:19:08] INFO     | 📈 Прогресс: 456000/566541 файлов | 7881.0 признаков/сек
[2025-12-22 18:21:24] INFO     | 📈 Прогресс: 456800/566541 файлов | 7882.6 признаков/сек
[2025-12-22 18:23:34] INFO     | 📈 Прогресс: 457600/566541 файлов | 7884.8 признаков/сек
[2025-12-22 18:25:45] INFO     | 📈 Прогресс: 458400/566541 файлов | 7887.5 признаков/сек
[2025-12-22 18:27:47] INFO     | 📈 Прогресс: 459200/566541 файлов | 7891.7 признаков/сек
[2025-12-22 18:29:46] INFO     | 💾 Чекпоинт (460000/566541 файлов)
[2025-12-22 18:29:46] INFO     | 📈 Прогресс: 460000/566541 файлов | 7896.0 признаков/сек
[2025-12-22 18:31:57] INFO     | 📈 Прогресс: 460800/566541 файлов | 7898.2 признаков/сек
[2025-12-22 18:34:07] INFO     | 📈 Прогресс: 461600/566541 файлов | 7900.8 признаков/сек
[2025-12-22 18:36:17] INFO     | 📈 Прогресс: 462400/566541 файлов | 7903.2 признаков/сек
[2025-12-22 18:38:20] INFO     | 📈 Прогресс: 463200/566541 файлов | 7906.3 признаков/сек
[2025-12-22 18:41:08] INFO     | 💾 Чекпоинт (464000/566541 файлов)
[2025-12-22 18:41:08] INFO     | 📈 Прогресс: 464000/566541 файлов | 7901.5 признаков/сек
[2025-12-22 18:46:56] INFO     | 📈 Прогресс: 464800/566541 файлов | 7862.9 признаков/сек
[2025-12-22 18:52:29] INFO     | 📈 Прогресс: 465600/566541 файлов | 7827.2 признаков/сек
[2025-12-22 18:56:54] INFO     | 📈 Прогресс: 466400/566541 файлов | 7804.6 признаков/сек
[2025-12-22 18:58:48] INFO     | 📈 Прогресс: 467200/566541 файлов | 7810.1 признаков/сек
[2025-12-22 19:01:13] INFO     | 💾 Чекпоинт (468000/566541 файлов)
[2025-12-22 19:01:13] INFO     | 📈 Прогресс: 468000/566541 файлов | 7810.0 признаков/сек
[2025-12-22 19:03:18] INFO     | 📈 Прогресс: 468800/566541 файлов | 7813.9 признаков/сек
[2025-12-22 19:05:15] INFO     | 📈 Прогресс: 469600/566541 файлов | 7819.0 признаков/сек
[2025-12-22 19:07:25] INFO     | 📈 Прогресс: 470400/566541 файлов | 7821.5 признаков/сек
[2025-12-22 19:09:20] INFO     | 📈 Прогресс: 471200/566541 файлов | 7826.5 признаков/сек
[2025-12-22 19:11:29] INFO     | 💾 Чекпоинт (472000/566541 файлов)
[2025-12-22 19:11:29] INFO     | 📈 Прогресс: 472000/566541 файлов | 7829.8 признаков/сек
[2025-12-22 19:13:46] INFO     | 📈 Прогресс: 472800/566541 файлов | 7831.6 признаков/сек
[2025-12-22 19:16:02] INFO     | 📈 Прогресс: 473600/566541 файлов | 7833.1 признаков/сек
[2025-12-22 19:18:12] INFO     | 📈 Прогресс: 474400/566541 файлов | 7835.3 признаков/сек
[2025-12-22 19:20:28] INFO     | 📈 Прогресс: 475200/566541 файлов | 7837.2 признаков/сек
[2025-12-22 19:22:39] INFO     | 💾 Чекпоинт (476000/566541 файлов)
[2025-12-22 19:22:39] INFO     | 📈 Прогресс: 476000/566541 файлов | 7839.7 признаков/сек
[2025-12-22 19:25:07] INFO     | 📈 Прогресс: 476800/566541 файлов | 7839.6 признаков/сек
[2025-12-22 19:29:47] INFO     | 📈 Прогресс: 477600/566541 файлов | 7814.9 признаков/сек
[2025-12-22 19:34:46] INFO     | 📈 Прогресс: 478400/566541 файлов | 7786.8 признаков/сек
[2025-12-22 19:39:57] INFO     | 📈 Прогресс: 479200/566541 файлов | 7756.7 признаков/сек
[2025-12-22 19:45:06] INFO     | 💾 Чекпоинт (480000/566541 файлов)
[2025-12-22 19:45:06] INFO     | 📈 Прогресс: 480000/566541 файлов | 7728.5 признаков/сек
[2025-12-22 19:50:37] INFO     | 📈 Прогресс: 480800/566541 файлов | 7696.6 признаков/сек
[2025-12-22 19:56:33] INFO     | 📈 Прогресс: 481600/566541 файлов | 7661.9 признаков/сек
[2025-12-22 20:02:04] INFO     | 📈 Прогресс: 482400/566541 файлов | 7631.1 признаков/сек
[2025-12-22 20:05:11] INFO     | 📈 Прогресс: 483200/566541 файлов | 7624.7 признаков/сек
[2025-12-22 20:07:09] INFO     | 💾 Чекпоинт (484000/566541 файлов)
[2025-12-22 20:07:09] INFO     | 📈 Прогресс: 484000/566541 файлов | 7629.6 признаков/сек
[2025-12-22 20:09:48] INFO     | 📈 Прогресс: 484800/566541 файлов | 7627.8 признаков/сек
[2025-12-22 20:12:07] INFO     | 📈 Прогресс: 485600/566541 файлов | 7629.7 признаков/сек
[2025-12-22 20:14:29] INFO     | 📈 Прогресс: 486400/566541 файлов | 7630.6 признаков/сек
[2025-12-22 20:16:49] INFO     | 📈 Прогресс: 487200/566541 файлов | 7631.9 признаков/сек
[2025-12-22 20:19:12] INFO     | 💾 Чекпоинт (488000/566541 файлов)
[2025-12-22 20:19:12] INFO     | 📈 Прогресс: 488000/566541 файлов | 7632.0 признаков/сек
[2025-12-22 20:21:19] INFO     | 📈 Прогресс: 488800/566541 файлов | 7634.9 признаков/сек
[2025-12-22 20:23:34] INFO     | 📈 Прогресс: 489600/566541 файлов | 7637.5 признаков/сек
[2025-12-22 20:25:56] INFO     | 📈 Прогресс: 490400/566541 файлов | 7637.7 признаков/сек
[2025-12-22 20:28:16] INFO     | 📈 Прогресс: 491200/566541 файлов | 7638.9 признаков/сек
[2025-12-22 20:30:38] INFO     | 💾 Чекпоинт (492000/566541 файлов)
[2025-12-22 20:30:38] INFO     | 📈 Прогресс: 492000/566541 файлов | 7639.4 признаков/сек
[2025-12-22 20:33:00] INFO     | 📈 Прогресс: 492800/566541 файлов | 7640.0 признаков/сек
[2025-12-22 20:35:10] INFO     | 📈 Прогресс: 493600/566541 файлов | 7642.9 признаков/сек
[2025-12-22 20:37:12] INFO     | 📈 Прогресс: 494400/566541 файлов | 7647.2 признаков/сек
[2025-12-22 20:39:25] INFO     | 📈 Прогресс: 495200/566541 файлов | 7648.8 признаков/сек
[2025-12-22 20:42:00] INFO     | 💾 Чекпоинт (496000/566541 файлов)
[2025-12-22 20:42:00] INFO     | 📈 Прогресс: 496000/566541 файлов | 7647.6 признаков/сек
[2025-12-22 20:44:24] INFO     | 📈 Прогресс: 496800/566541 файлов | 7648.9 признаков/сек
[2025-12-22 20:46:42] INFO     | 📈 Прогресс: 497600/566541 файлов | 7651.5 признаков/сек
[2025-12-22 20:49:09] INFO     | 📈 Прогресс: 498400/566541 файлов | 7650.0 признаков/сек
[2025-12-22 20:51:38] INFO     | 📈 Прогресс: 499200/566541 файлов | 7649.8 признаков/сек
[2025-12-22 20:54:06] INFO     | 💾 Чекпоинт (500000/566541 файлов)
[2025-12-22 20:54:06] INFO     | 📈 Прогресс: 500000/566541 файлов | 7649.4 признаков/сек
[2025-12-22 20:56:42] INFO     | 📈 Прогресс: 500800/566541 файлов | 7648.4 признаков/сек
[2025-12-22 20:58:57] INFO     | 📈 Прогресс: 501600/566541 файлов | 7649.6 признаков/сек
[2025-12-22 21:00:47] INFO     | 📈 Прогресс: 502400/566541 файлов | 7655.1 признаков/сек
[2025-12-22 21:02:39] INFO     | 📈 Прогресс: 503200/566541 файлов | 7660.6 признаков/сек
[2025-12-22 21:04:30] INFO     | 💾 Чекпоинт (504000/566541 файлов)
[2025-12-22 21:04:30] INFO     | 📈 Прогресс: 504000/566541 файлов | 7666.0 признаков/сек
[2025-12-22 21:06:20] INFO     | 📈 Прогресс: 504800/566541 файлов | 7671.4 признаков/сек
[2025-12-22 21:08:09] INFO     | 📈 Прогресс: 505600/566541 файлов | 7676.8 признаков/сек
[2025-12-22 21:10:00] INFO     | 📈 Прогресс: 506400/566541 файлов | 7682.2 признаков/сек
[2025-12-22 21:11:57] INFO     | 📈 Прогресс: 507200/566541 файлов | 7687.7 признаков/сек
[2025-12-22 21:13:52] INFO     | 💾 Чекпоинт (508000/566541 файлов)
[2025-12-22 21:13:52] INFO     | 📈 Прогресс: 508000/566541 файлов | 7693.3 признаков/сек
[2025-12-22 21:15:44] INFO     | 📈 Прогресс: 508800/566541 файлов | 7698.9 признаков/сек
[2025-12-22 21:17:37] INFO     | 📈 Прогресс: 509600/566541 файлов | 7703.9 признаков/сек
[2025-12-22 21:19:28] INFO     | 📈 Прогресс: 510400/566541 файлов | 7709.0 признаков/сек
[2025-12-22 21:21:20] INFO     | 📈 Прогресс: 511200/566541 файлов | 7714.2 признаков/сек
[2025-12-22 21:23:12] INFO     | 💾 Чекпоинт (512000/566541 файлов)
[2025-12-22 21:23:12] INFO     | 📈 Прогресс: 512000/566541 файлов | 7719.4 признаков/сек
[2025-12-22 21:25:04] INFO     | 📈 Прогресс: 512800/566541 файлов | 7724.7 признаков/сек
[2025-12-22 21:26:55] INFO     | 📈 Прогресс: 513600/566541 файлов | 7729.8 признаков/сек
[2025-12-22 21:28:45] INFO     | 📈 Прогресс: 514400/566541 файлов | 7734.9 признаков/сек
[2025-12-22 21:30:36] INFO     | 📈 Прогресс: 515200/566541 файлов | 7740.1 признаков/сек
[2025-12-22 21:32:29] INFO     | 💾 Чекпоинт (516000/566541 файлов)
[2025-12-22 21:32:29] INFO     | 📈 Прогресс: 516000/566541 файлов | 7745.1 признаков/сек
[2025-12-22 21:34:17] INFO     | 📈 Прогресс: 516800/566541 файлов | 7750.0 признаков/сек
[2025-12-22 21:36:05] INFO     | 📈 Прогресс: 517600/566541 файлов | 7755.0 признаков/сек
[2025-12-22 21:38:01] INFO     | 📈 Прогресс: 518400/566541 файлов | 7760.0 признаков/сек
[2025-12-22 21:39:51] INFO     | 📈 Прогресс: 519200/566541 файлов | 7765.1 признаков/сек
[2025-12-22 21:41:49] INFO     | 💾 Чекпоинт (520000/566541 файлов)
[2025-12-22 21:41:49] INFO     | 📈 Прогресс: 520000/566541 файлов | 7770.3 признаков/сек
[2025-12-22 21:43:48] INFO     | 📈 Прогресс: 520800/566541 файлов | 7775.4 признаков/сек
[2025-12-22 21:45:41] INFO     | 📈 Прогресс: 521600/566541 файлов | 7780.5 признаков/сек
[2025-12-22 21:47:32] INFO     | 📈 Прогресс: 522400/566541 файлов | 7785.3 признаков/сек
[2025-12-22 21:49:24] INFO     | 📈 Прогресс: 523200/566541 файлов | 7790.3 признаков/сек
[2025-12-22 21:51:17] INFO     | 💾 Чекпоинт (524000/566541 файлов)
[2025-12-22 21:51:17] INFO     | 📈 Прогресс: 524000/566541 файлов | 7795.3 признаков/сек
[2025-12-22 21:53:10] INFO     | 📈 Прогресс: 524800/566541 файлов | 7800.2 признаков/сек
[2025-12-22 21:55:02] INFO     | 📈 Прогресс: 525600/566541 файлов | 7804.3 признаков/сек
[2025-12-22 21:57:05] INFO     | 📈 Прогресс: 526400/566541 файлов | 7807.9 признаков/сек
[2025-12-22 21:58:59] INFO     | 📈 Прогресс: 527200/566541 файлов | 7812.6 признаков/сек
[2025-12-22 22:00:50] INFO     | 💾 Чекпоинт (528000/566541 файлов)
[2025-12-22 22:00:50] INFO     | 📈 Прогресс: 528000/566541 файлов | 7817.5 признаков/сек
[2025-12-22 22:02:44] INFO     | 📈 Прогресс: 528800/566541 файлов | 7822.1 признаков/сек
[2025-12-22 22:04:39] INFO     | 📈 Прогресс: 529600/566541 файлов | 7826.9 признаков/сек
[2025-12-22 22:06:32] INFO     | 📈 Прогресс: 530400/566541 файлов | 7831.6 признаков/сек
[2025-12-22 22:07:10] WARNING  | 
🛑 Обучение прервано пользователем!
[2025-12-22 22:07:10] INFO     | 💾 Сохранение промежуточного результата...
[2025-12-22 22:07:10] INFO     | ✅ Промежуточный результат сохранен: H:\tts\fin\outputs\full_kmeans\kmeans_temp_checkpoint.joblib
[2025-12-22 22:07:10] INFO     | 📌 Чтобы продолжить, запустите скрипт снова БЕЗ --force_retrain
[2025-12-22 22:07:10] INFO     | 
============================================================
[2025-12-22 22:07:10] INFO     | 🛑 ПРОГРАММА ПРЕРВАНА ПОЛЬЗОВАТЕЛЕМ
[2025-12-22 22:07:10] INFO     | ============================================================
[2025-12-22 22:07:10] INFO     | ✅ Все промежуточные результаты сохранены
[2025-12-22 22:07:10] INFO     | ✅ При повторном запуске обработка продолжится с последней точки
[2025-12-22 22:07:10] INFO     | ============================================================
[2025-12-23 07:28:02] INFO     | 
============================================================
[2025-12-23 07:28:02] INFO     | 📚 PSEUDO-PHONEME EXTRACTOR FOR TRANSFER LEARNING TTS
[2025-12-23 07:28:02] INFO     | ============================================================
[2025-12-23 07:28:02] INFO     | 📄 Основано на статье:
[2025-12-23 07:28:02] INFO     |    'Transfer Learning from Speech Recognition to Text-to-Speech Synthesis'
[2025-12-23 07:28:02] INFO     |    'Using Self-Supervised Representations'
[2025-12-23 07:28:02] INFO     |    https://arxiv.org/abs/2203.15447
[2025-12-23 07:28:02] INFO     | 
[2025-12-23 07:28:02] INFO     | 🎯 Ключевые параметры из статьи:
[2025-12-23 07:28:02] INFO     |    • Модель wav2vec 2.0: facebook/wav2vec2-large-lv60
[2025-12-23 07:28:02] INFO     |    • Слой для признаков: block 15 (hidden representation of block 15)
[2025-12-23 07:28:02] INFO     |    • Количество кластеров: 128 (K=128)
[2025-12-23 07:28:02] INFO     |    • Объединение последовательных одинаковых индексов кластеров
[2025-12-23 07:28:02] INFO     | 
[2025-12-23 07:28:02] INFO     | ⚙️  Текущий режим: train_kmeans
[2025-12-23 07:28:02] INFO     | 📂 Директория аудио: H:\tts\fin\unlabelled_data_wav\fi
[2025-12-23 07:28:02] INFO     | 📂 Выходная директория: H:\tts\fin\outputs\full_kmeans
[2025-12-23 07:28:02] INFO     | ============================================================

[2025-12-23 07:28:02] INFO     | 💻 Используется устройство: cuda
[2025-12-23 07:28:02] INFO     | 📊 Доступно GPU памяти: 10.0 GB
[2025-12-23 07:28:02] INFO     | 📊 Доступно RAM: 25.7 GB
[2025-12-23 07:28:02] INFO     | ⚡ Автоматически подобран размер батча: 32
[2025-12-23 07:29:39] INFO     | 🔄 Загрузка модели C:\Users\Александр\Desktop\wav2vec2-large-lv60 на cuda...
[2025-12-23 07:29:57] INFO     | 🔍 Модель содержит 24 скрытых слоев
[2025-12-23 07:29:57] INFO     | ✅ Модель успешно загружена. Используется слой: 15
[2025-12-23 07:29:57] INFO     | 
============================================================
[2025-12-23 07:29:57] INFO     | 🎯 ЭТАП 1: ОБУЧЕНИЕ K-MEANS НА СКРЫТЫХ ПРЕДСТАВЛЕНИЯХ
[2025-12-23 07:29:57] INFO     | ============================================================
[2025-12-23 07:29:57] INFO     | 📌 Продолжение обучения с файла #530400
[2025-12-23 07:29:57] INFO     | 🚀 Запуск/продолжение обучения K-means...
[2025-12-23 07:29:57] INFO     | 🔄 Загрузка временного чекпоинта: H:\tts\fin\outputs\full_kmeans\kmeans_temp_checkpoint.joblib
[2025-12-23 07:29:57] INFO     | ✅ Временная модель K-means загружена.
[2025-12-23 07:29:57] INFO     | 📊 Продолжение обучения с загруженной модели.
[2025-12-23 07:29:57] INFO     | 🚀 Запуск/продолжение обучения...
[2025-12-23 07:29:57] INFO     |    • Начинаем с файла: 530400
[2025-12-23 07:29:57] INFO     |    • Всего файлов: 566541
[2025-12-23 07:32:14] INFO     | 📈 Прогресс: 531200/566541 файлов | 8536.4 признаков/сек
[2025-12-23 07:34:57] INFO     | 💾 Чекпоинт (532000/566541 файлов)
[2025-12-23 07:34:57] INFO     | 📈 Прогресс: 532000/566541 файлов | 7824.7 признаков/сек
[2025-12-23 07:37:02] INFO     | 📈 Прогресс: 532800/566541 файлов | 8221.1 признаков/сек
[2025-12-23 07:39:23] INFO     | 📈 Прогресс: 533600/566541 файлов | 8212.3 признаков/сек
[2025-12-23 07:41:37] INFO     | 📈 Прогресс: 534400/566541 файлов | 8252.7 признаков/сек
[2025-12-23 07:43:40] INFO     | 📈 Прогресс: 535200/566541 файлов | 8388.5 признаков/сек
[2025-12-23 07:45:51] INFO     | 💾 Чекпоинт (536000/566541 файлов)
[2025-12-23 07:45:51] INFO     | 📈 Прогресс: 536000/566541 файлов | 8469.9 признаков/сек
[2025-12-23 07:47:56] INFO     | 📈 Прогресс: 536800/566541 файлов | 8578.9 признаков/сек
[2025-12-23 07:50:03] INFO     | 📈 Прогресс: 537600/566541 файлов | 8609.8 признаков/сек
[2025-12-23 07:52:13] INFO     | 📈 Прогресс: 538400/566541 файлов | 8621.3 признаков/сек
[2025-12-23 07:54:06] INFO     | 📈 Прогресс: 539200/566541 файлов | 8739.8 признаков/сек
[2025-12-23 07:55:58] INFO     | 💾 Чекпоинт (540000/566541 файлов)
[2025-12-23 07:55:58] INFO     | 📈 Прогресс: 540000/566541 файлов | 8842.8 признаков/сек
[2025-12-23 07:57:48] INFO     | 📈 Прогресс: 540800/566541 файлов | 8933.6 признаков/сек
[2025-12-23 07:59:39] INFO     | 📈 Прогресс: 541600/566541 файлов | 9007.3 признаков/сек
[2025-12-23 08:01:31] INFO     | 📈 Прогресс: 542400/566541 файлов | 9072.7 признаков/сек
[2025-12-23 08:03:22] INFO     | 📈 Прогресс: 543200/566541 файлов | 9129.2 признаков/сек
[2025-12-23 08:05:15] INFO     | 💾 Чекпоинт (544000/566541 файлов)
[2025-12-23 08:05:15] INFO     | 📈 Прогресс: 544000/566541 файлов | 9181.4 признаков/сек
[2025-12-23 08:07:08] INFO     | 📈 Прогресс: 544800/566541 файлов | 9230.0 признаков/сек
[2025-12-23 08:09:01] INFO     | 📈 Прогресс: 545600/566541 файлов | 9273.1 признаков/сек
[2025-12-23 08:10:54] INFO     | 📈 Прогресс: 546400/566541 файлов | 9312.7 признаков/сек
[2025-12-23 08:12:45] INFO     | 📈 Прогресс: 547200/566541 файлов | 9348.6 признаков/сек
[2025-12-23 08:14:40] INFO     | 💾 Чекпоинт (548000/566541 файлов)
[2025-12-23 08:14:40] INFO     | 📈 Прогресс: 548000/566541 файлов | 9380.8 признаков/сек
[2025-12-23 08:16:37] INFO     | 📈 Прогресс: 548800/566541 файлов | 9410.7 признаков/сек
[2025-12-23 08:18:29] INFO     | 📈 Прогресс: 549600/566541 файлов | 9439.2 признаков/сек
[2025-12-23 08:20:20] INFO     | 📈 Прогресс: 550400/566541 файлов | 9465.4 признаков/сек
[2025-12-23 08:22:10] INFO     | 📈 Прогресс: 551200/566541 файлов | 9490.5 признаков/сек
[2025-12-23 08:24:01] INFO     | 💾 Чекпоинт (552000/566541 файлов)
[2025-12-23 08:24:01] INFO     | 📈 Прогресс: 552000/566541 файлов | 9509.9 признаков/сек
[2025-12-23 08:25:56] INFO     | 📈 Прогресс: 552800/566541 файлов | 9523.4 признаков/сек
[2025-12-23 08:27:53] INFO     | 📈 Прогресс: 553600/566541 файлов | 9537.4 признаков/сек
[2025-12-23 08:29:52] INFO     | 📈 Прогресс: 554400/566541 файлов | 9554.3 признаков/сек
[2025-12-23 08:31:51] INFO     | 📈 Прогресс: 555200/566541 файлов | 9567.4 признаков/сек
[2025-12-23 08:33:45] INFO     | 💾 Чекпоинт (556000/566541 файлов)
[2025-12-23 08:33:45] INFO     | 📈 Прогресс: 556000/566541 файлов | 9583.1 признаков/сек
[2025-12-23 08:35:43] INFO     | 📈 Прогресс: 556800/566541 файлов | 9592.6 признаков/сек
[2025-12-23 08:37:38] INFO     | 📈 Прогресс: 557600/566541 файлов | 9605.1 признаков/сек
[2025-12-23 08:39:32] INFO     | 📈 Прогресс: 558400/566541 файлов | 9616.3 признаков/сек
[2025-12-23 08:41:29] INFO     | 📈 Прогресс: 559200/566541 файлов | 9628.0 признаков/сек
[2025-12-23 08:43:23] INFO     | 💾 Чекпоинт (560000/566541 файлов)
[2025-12-23 08:43:23] INFO     | 📈 Прогресс: 560000/566541 файлов | 9637.7 признаков/сек
[2025-12-23 08:45:20] INFO     | 📈 Прогресс: 560800/566541 файлов | 9647.0 признаков/сек
[2025-12-23 08:47:15] INFO     | 📈 Прогресс: 561600/566541 файлов | 9656.5 признаков/сек
[2025-12-23 08:49:11] INFO     | 📈 Прогресс: 562400/566541 файлов | 9666.1 признаков/сек
[2025-12-23 08:51:09] INFO     | 📈 Прогресс: 563200/566541 файлов | 9673.6 признаков/сек
[2025-12-23 08:53:06] INFO     | 💾 Чекпоинт (564000/566541 файлов)
[2025-12-23 08:53:06] INFO     | 📈 Прогресс: 564000/566541 файлов | 9681.4 признаков/сек
[2025-12-23 08:55:07] INFO     | 📈 Прогресс: 564800/566541 файлов | 9681.2 признаков/сек
[2025-12-23 08:57:02] INFO     | 📈 Прогресс: 565600/566541 файлов | 9690.0 признаков/сек
[2025-12-23 08:58:58] INFO     | 📈 Прогресс: 566400/566541 файлов | 9698.7 признаков/сек
[2025-12-23 08:59:18] INFO     | 💾 Сохранение финальной модели K-means...
[2025-12-23 08:59:18] INFO     | ✅ Финальная модель сохранена: H:\tts\fin\outputs\full_kmeans\kmeans_model.joblib
[2025-12-23 08:59:18] INFO     | 
🎉 ОБУЧЕНИЕ K-MEANS ЗАВЕРШЕНО!
[2025-12-23 08:59:18] INFO     | 📊 Обработано файлов: 566,541/566,541
[2025-12-23 08:59:18] INFO     | 📊 Использовано признаков: 52,004,043
[2025-12-23 08:59:18] INFO     | 📊 Время обучения: 89.4 минут
[2025-12-23 08:59:18] INFO     | ✅ ✅ Модель K-means успешно сохранена: H:\tts\fin\outputs\full_kmeans\kmeans_model.joblib
[2025-12-23 08:59:18] INFO     | 
============================================================
[2025-12-23 08:59:18] INFO     | 🎉 ПРОГРАММА УСПЕШНО ЗАВЕРШЕНА!
[2025-12-23 08:59:18] INFO     | ============================================================
[2025-12-23 08:59:18] INFO     | ✅ Псевдо-фонемные последовательности готовы для pre-training VITS
[2025-12-23 08:59:18] INFO     | ✅ Полное соответствие методологии из статьи достигнуто
[2025-12-23 08:59:18] INFO     | ============================================================
[2025-12-23 09:52:58] INFO     | 
============================================================
[2025-12-23 09:52:58] INFO     | 📚 PSEUDO-PHONEME EXTRACTOR FOR TRANSFER LEARNING TTS
[2025-12-23 09:52:58] INFO     | ============================================================
[2025-12-23 09:52:58] INFO     | 📄 Основано на статье:
[2025-12-23 09:52:58] INFO     |    'Transfer Learning from Speech Recognition to Text-to-Speech Synthesis'
[2025-12-23 09:52:58] INFO     |    'Using Self-Supervised Representations'
[2025-12-23 09:52:58] INFO     |    https://arxiv.org/abs/2203.15447
[2025-12-23 09:52:58] INFO     | 
[2025-12-23 09:52:58] INFO     | 🎯 Ключевые параметры из статьи:
[2025-12-23 09:52:58] INFO     |    • Модель wav2vec 2.0: facebook/wav2vec2-large-lv60
[2025-12-23 09:52:58] INFO     |    • Слой для признаков: block 15 (hidden representation of block 15)
[2025-12-23 09:52:58] INFO     |    • Количество кластеров: 128 (K=128)
[2025-12-23 09:52:58] INFO     |    • Объединение последовательных одинаковых индексов кластеров
[2025-12-23 09:52:58] INFO     | 
[2025-12-23 09:52:58] INFO     | ⚙️  Текущий режим: generate_pseudophones
[2025-12-23 09:52:58] INFO     | 📂 Директория аудио: H:\tts\fin\unlabelled_data_wav\fi
[2025-12-23 09:52:58] INFO     | 📂 Выходная директория: H:\tts\fin\outputs\full_kmeans
[2025-12-23 09:52:58] INFO     | ============================================================

[2025-12-23 09:52:58] INFO     | 💻 Используется устройство: cuda
[2025-12-23 09:52:58] INFO     | 📊 Доступно GPU памяти: 10.0 GB
[2025-12-23 09:52:58] INFO     | 📊 Доступно RAM: 26.0 GB
[2025-12-23 09:52:58] INFO     | ⚡ Автоматически подобран размер батча: 32
[2025-12-23 09:54:18] INFO     | 🔄 Загрузка модели C:\Users\Александр\Desktop\wav2vec2-large-lv60 на cuda...
[2025-12-23 09:54:31] INFO     | 🔍 Модель содержит 24 скрытых слоев
[2025-12-23 09:54:31] INFO     | ✅ Модель успешно загружена. Используется слой: 15
[2025-12-23 09:54:31] INFO     | 
============================================================
[2025-12-23 09:54:31] INFO     | 🎯 ЭТАП 2: ГЕНЕРАЦИЯ ПСЕВДО-ФОНЕМНЫХ ПОСЛЕДОВАТЕЛЬНОСТЕЙ
[2025-12-23 09:54:31] INFO     | ============================================================
[2025-12-23 09:54:31] INFO     | 🔄 Загрузка модели K-means из: H:\tts\fin\outputs\full_kmeans\kmeans_model.joblib
[2025-12-23 09:54:31] INFO     | ✅ Модель K-means загружена, количество кластеров: 128
[2025-12-23 09:54:31] INFO     | 🎯 Начало генерации псевдо-фонемных последовательностей
[2025-12-23 09:54:31] INFO     | 📊 Конфигурация генерации:
[2025-12-23 09:54:31] INFO     |    • Целевой слой: block 15
[2025-12-23 09:54:31] INFO     |    • Количество кластеров: 128
[2025-12-23 09:54:31] INFO     |    • ID спикера по умолчанию: fi_speaker
[2025-12-23 09:54:31] INFO     |    • Всего файлов: 566,541
[2025-12-23 09:54:31] INFO     |    • Уже обработано: 0
[2025-12-23 09:54:31] INFO     |    • Уже в файллисте: 0
[2025-12-23 09:54:31] INFO     |    • Новых файлов для обработки: 566,541
[2025-12-23 09:54:32] INFO     | 📝 Открыт файл для записи: H:\tts\fin\outputs\full_kmeans\finnish_pseudo_for_vits.txt (режим: w)
[2025-12-23 09:54:47] INFO     | ✅ Добавлено записей: 100 | Средняя длина: 914.7 | Ошибок: 0
